<!DOCTYPE html>
<html>
  <head>
    <meta charset="utf-8"/>
    <title id="head-title">report.html</title>
      <style type="text/css">body {
  font-family: Helvetica, Arial, sans-serif;
  font-size: 12px;
  /* do not increase min-width as some may use split screens */
  min-width: 800px;
  color: #999;
}

h1 {
  font-size: 24px;
  color: black;
}

h2 {
  font-size: 16px;
  color: black;
}

p {
  color: black;
}

a {
  color: #999;
}

table {
  border-collapse: collapse;
}

/******************************
 * SUMMARY INFORMATION
 ******************************/
#environment td {
  padding: 5px;
  border: 1px solid #e6e6e6;
  vertical-align: top;
}
#environment tr:nth-child(odd) {
  background-color: #f6f6f6;
}
#environment ul {
  margin: 0;
  padding: 0 20px;
}

/******************************
 * TEST RESULT COLORS
 ******************************/
span.passed,
.passed .col-result {
  color: green;
}

span.skipped,
span.xfailed,
span.rerun,
.skipped .col-result,
.xfailed .col-result,
.rerun .col-result {
  color: orange;
}

span.error,
span.failed,
span.xpassed,
.error .col-result,
.failed .col-result,
.xpassed .col-result {
  color: red;
}

.col-links__extra {
  margin-right: 3px;
}

/******************************
 * RESULTS TABLE
 *
 * 1. Table Layout
 * 2. Extra
 * 3. Sorting items
 *
 ******************************/
/*------------------
 * 1. Table Layout
 *------------------*/
#results-table {
  border: 1px solid #e6e6e6;
  color: #999;
  font-size: 12px;
  width: 100%;
}
#results-table th,
#results-table td {
  padding: 5px;
  border: 1px solid #e6e6e6;
  text-align: left;
}
#results-table th {
  font-weight: bold;
}

/*------------------
 * 2. Extra
 *------------------*/
.logwrapper {
  max-height: 230px;
  overflow-y: scroll;
  background-color: #e6e6e6;
}
.logwrapper.expanded {
  max-height: none;
}
.logwrapper.expanded .logexpander:after {
  content: "collapse [-]";
}
.logwrapper .logexpander {
  z-index: 1;
  position: sticky;
  top: 10px;
  width: max-content;
  border: 1px solid;
  border-radius: 3px;
  padding: 5px 7px;
  margin: 10px 0 10px calc(100% - 80px);
  cursor: pointer;
  background-color: #e6e6e6;
}
.logwrapper .logexpander:after {
  content: "expand [+]";
}
.logwrapper .logexpander:hover {
  color: #000;
  border-color: #000;
}
.logwrapper .log {
  min-height: 40px;
  position: relative;
  top: -50px;
  height: calc(100% + 50px);
  border: 1px solid #e6e6e6;
  color: black;
  display: block;
  font-family: "Courier New", Courier, monospace;
  padding: 5px;
  padding-right: 80px;
  white-space: pre-wrap;
}

div.media {
  border: 1px solid #e6e6e6;
  float: right;
  height: 240px;
  margin: 0 5px;
  overflow: hidden;
  width: 320px;
}

.media-container {
  display: grid;
  grid-template-columns: 25px auto 25px;
  align-items: center;
  flex: 1 1;
  overflow: hidden;
  height: 200px;
}

.media-container--fullscreen {
  grid-template-columns: 0px auto 0px;
}

.media-container__nav--right,
.media-container__nav--left {
  text-align: center;
  cursor: pointer;
}

.media-container__viewport {
  cursor: pointer;
  text-align: center;
  height: inherit;
}
.media-container__viewport img,
.media-container__viewport video {
  object-fit: cover;
  width: 100%;
  max-height: 100%;
}

.media__name,
.media__counter {
  display: flex;
  flex-direction: row;
  justify-content: space-around;
  flex: 0 0 25px;
  align-items: center;
}

.collapsible td:not(.col-links) {
  cursor: pointer;
}
.collapsible td:not(.col-links):hover::after {
  color: #bbb;
  font-style: italic;
  cursor: pointer;
}

.col-result {
  width: 130px;
}
.col-result:hover::after {
  content: " (hide details)";
}

.col-result.collapsed:hover::after {
  content: " (show details)";
}

#environment-header h2:hover::after {
  content: " (hide details)";
  color: #bbb;
  font-style: italic;
  cursor: pointer;
  font-size: 12px;
}

#environment-header.collapsed h2:hover::after {
  content: " (show details)";
  color: #bbb;
  font-style: italic;
  cursor: pointer;
  font-size: 12px;
}

/*------------------
 * 3. Sorting items
 *------------------*/
.sortable {
  cursor: pointer;
}
.sortable.desc:after {
  content: " ";
  position: relative;
  left: 5px;
  bottom: -12.5px;
  border: 10px solid #4caf50;
  border-bottom: 0;
  border-left-color: transparent;
  border-right-color: transparent;
}
.sortable.asc:after {
  content: " ";
  position: relative;
  left: 5px;
  bottom: 12.5px;
  border: 10px solid #4caf50;
  border-top: 0;
  border-left-color: transparent;
  border-right-color: transparent;
}

.hidden, .summary__reload__button.hidden {
  display: none;
}

.summary__data {
  flex: 0 0 550px;
}
.summary__reload {
  flex: 1 1;
  display: flex;
  justify-content: center;
}
.summary__reload__button {
  flex: 0 0 300px;
  display: flex;
  color: white;
  font-weight: bold;
  background-color: #4caf50;
  text-align: center;
  justify-content: center;
  align-items: center;
  border-radius: 3px;
  cursor: pointer;
}
.summary__reload__button:hover {
  background-color: #46a049;
}
.summary__spacer {
  flex: 0 0 550px;
}

.controls {
  display: flex;
  justify-content: space-between;
}

.filters,
.collapse {
  display: flex;
  align-items: center;
}
.filters button,
.collapse button {
  color: #999;
  border: none;
  background: none;
  cursor: pointer;
  text-decoration: underline;
}
.filters button:hover,
.collapse button:hover {
  color: #ccc;
}

.filter__label {
  margin-right: 10px;
}

      </style>
    
  </head>
  <body>
    <h1 id="title">report.html</h1>
    <p>Report generated on 29-Dec-2025 at 14:35:24 by <a href="https://pypi.python.org/pypi/pytest-html">pytest-html</a>
        v4.1.1</p>
    <div id="environment-header">
      <h2>Environment</h2>
    </div>
    <table id="environment"></table>
    <!-- TEMPLATES -->
      <template id="template_environment_row">
      <tr>
        <td></td>
        <td></td>
      </tr>
    </template>
    <template id="template_results-table__body--empty">
      <tbody class="results-table-row">
        <tr id="not-found-message">
          <td colspan="4">No results found. Check the filters.</th>
        </tr>
    </template>
    <template id="template_results-table__tbody">
      <tbody class="results-table-row">
        <tr class="collapsible">
        </tr>
        <tr class="extras-row">
          <td class="extra" colspan="4">
            <div class="extraHTML"></div>
            <div class="media">
              <div class="media-container">
                  <div class="media-container__nav--left"><</div>
                  <div class="media-container__viewport">
                    <img src="" />
                    <video controls>
                      <source src="" type="video/mp4">
                    </video>
                  </div>
                  <div class="media-container__nav--right">></div>
                </div>
                <div class="media__name"></div>
                <div class="media__counter"></div>
            </div>
            <div class="logwrapper">
              <div class="logexpander"></div>
              <div class="log"></div>
            </div>
          </td>
        </tr>
      </tbody>
    </template>
    <!-- END TEMPLATES -->
    <div class="summary">
      <div class="summary__data">
        <h2>Summary</h2>
        <div class="additional-summary prefix">
        </div>
        <p class="run-count">41 tests took 00:00:57.</p>
        <p class="filter">(Un)check the boxes to filter the results.</p>
        <div class="summary__reload">
          <div class="summary__reload__button hidden" onclick="location.reload()">
            <div>There are still tests running. <br />Reload this page to get the latest results!</div>
          </div>
        </div>
        <div class="summary__spacer"></div>
        <div class="controls">
          <div class="filters">
            <input checked="true" class="filter" name="filter_checkbox" type="checkbox" data-test-result="failed" />
            <span class="failed">17 Failed,</span>
            <input checked="true" class="filter" name="filter_checkbox" type="checkbox" data-test-result="passed" />
            <span class="passed">24 Passed,</span>
            <input checked="true" class="filter" name="filter_checkbox" type="checkbox" data-test-result="skipped" disabled/>
            <span class="skipped">0 Skipped,</span>
            <input checked="true" class="filter" name="filter_checkbox" type="checkbox" data-test-result="xfailed" disabled/>
            <span class="xfailed">0 Expected failures,</span>
            <input checked="true" class="filter" name="filter_checkbox" type="checkbox" data-test-result="xpassed" disabled/>
            <span class="xpassed">0 Unexpected passes,</span>
            <input checked="true" class="filter" name="filter_checkbox" type="checkbox" data-test-result="error" disabled/>
            <span class="error">0 Errors,</span>
            <input checked="true" class="filter" name="filter_checkbox" type="checkbox" data-test-result="rerun" disabled/>
            <span class="rerun">0 Reruns</span>
          </div>
          <div class="collapse">
            <button id="show_all_details">Show all details</button>&nbsp;/&nbsp;<button id="hide_all_details">Hide all details</button>
          </div>
        </div>
      </div>
      <div class="additional-summary summary">
      </div>
      <div class="additional-summary postfix">
      </div>
    </div>
    <table id="results-table">
      <thead id="results-table-head">
        <tr>
          <th class="sortable" data-column-type="result">Result</th>
          <th class="sortable" data-column-type="testId">Test</th>
          <th class="sortable" data-column-type="duration">Duration</th>
          <th>Links</th>
        </tr>
      </thead>
    </table>
  </body>
  <footer>
    <div id="data-container" data-jsonblob="{&#34;environment&#34;: {&#34;Python&#34;: &#34;3.14.0&#34;, &#34;Platform&#34;: &#34;Windows-11-10.0.26200-SP0&#34;, &#34;Packages&#34;: {&#34;pytest&#34;: &#34;9.0.2&#34;, &#34;pluggy&#34;: &#34;1.6.0&#34;}, &#34;Plugins&#34;: {&#34;Faker&#34;: &#34;39.0.0&#34;, &#34;base-url&#34;: &#34;2.1.0&#34;, &#34;html&#34;: &#34;4.1.1&#34;, &#34;metadata&#34;: &#34;3.1.1&#34;, &#34;playwright&#34;: &#34;0.7.2&#34;}, &#34;JAVA_HOME&#34;: &#34;C:\\Users\\58354\\.jdks\\temurin-25&#34;, &#34;Base URL&#34;: &#34;&#34;}, &#34;tests&#34;: {&#34;tests/test_auth.py::TestAuth::test_auth_cases[valid-user]&#34;: [{&#34;extras&#34;: [], &#34;result&#34;: &#34;Passed&#34;, &#34;testId&#34;: &#34;tests/test_auth.py::TestAuth::test_auth_cases[valid-user]&#34;, &#34;duration&#34;: &#34;00:00:05&#34;, &#34;resultsTableRow&#34;: [&#34;&lt;td class=\&#34;col-result\&#34;&gt;Passed&lt;/td&gt;&#34;, &#34;&lt;td class=\&#34;col-testId\&#34;&gt;tests/test_auth.py::TestAuth::test_auth_cases[valid-user]&lt;/td&gt;&#34;, &#34;&lt;td class=\&#34;col-duration\&#34;&gt;00:00:05&lt;/td&gt;&#34;, &#34;&lt;td class=\&#34;col-links\&#34;&gt;&lt;/td&gt;&#34;], &#34;log&#34;: &#34;------------------------------ Captured log setup ------------------------------\nINFO     test_logger:conftest.py:43 Starting Playwright and creating API client...\nINFO     test_logger:conftest.py:54 API client created successfully.\n\n------------------------------ Captured log call -------------------------------\nINFO     test_logger:api_client.py:57 GET All Users\nINFO     test_logger:api_client.py:79 POST user with fields: [&amp;#x27;hopkins&amp;#x27;, &amp;#x27;William56$hj&amp;#x27;]\nINFO     test_logger:test_auth.py:76 Actual: 201; Expect: 201\n\n&#34;}], &#34;tests/test_auth.py::TestAuth::test_auth_cases[unauthorized-user]&#34;: [{&#34;extras&#34;: [], &#34;result&#34;: &#34;Passed&#34;, &#34;testId&#34;: &#34;tests/test_auth.py::TestAuth::test_auth_cases[unauthorized-user]&#34;, &#34;duration&#34;: &#34;431 ms&#34;, &#34;resultsTableRow&#34;: [&#34;&lt;td class=\&#34;col-result\&#34;&gt;Passed&lt;/td&gt;&#34;, &#34;&lt;td class=\&#34;col-testId\&#34;&gt;tests/test_auth.py::TestAuth::test_auth_cases[unauthorized-user]&lt;/td&gt;&#34;, &#34;&lt;td class=\&#34;col-duration\&#34;&gt;431 ms&lt;/td&gt;&#34;, &#34;&lt;td class=\&#34;col-links\&#34;&gt;&lt;/td&gt;&#34;], &#34;log&#34;: &#34;------------------------------ Captured log call -------------------------------\nINFO     test_logger:api_client.py:79 POST user with fields: [&amp;#x27;JeremySparks&amp;#x27;, &amp;#x27;x&amp;amp;0DlRv7&amp;#x27;]\nINFO     test_logger:test_auth.py:76 Actual: 401; Expect: 401\n\n&#34;}], &#34;tests/test_auth.py::TestAuth::test_auth_cases[missing-password]&#34;: [{&#34;extras&#34;: [], &#34;result&#34;: &#34;Passed&#34;, &#34;testId&#34;: &#34;tests/test_auth.py::TestAuth::test_auth_cases[missing-password]&#34;, &#34;duration&#34;: &#34;00:00:02&#34;, &#34;resultsTableRow&#34;: [&#34;&lt;td class=\&#34;col-result\&#34;&gt;Passed&lt;/td&gt;&#34;, &#34;&lt;td class=\&#34;col-testId\&#34;&gt;tests/test_auth.py::TestAuth::test_auth_cases[missing-password]&lt;/td&gt;&#34;, &#34;&lt;td class=\&#34;col-duration\&#34;&gt;00:00:02&lt;/td&gt;&#34;, &#34;&lt;td class=\&#34;col-links\&#34;&gt;&lt;/td&gt;&#34;], &#34;log&#34;: &#34;------------------------------ Captured log call -------------------------------\nINFO     test_logger:api_client.py:57 GET All Users\nINFO     test_logger:api_client.py:79 POST user with fields: [&amp;#x27;kevinryan&amp;#x27;, &amp;#x27;&amp;#x27;]\nINFO     test_logger:test_auth.py:76 Actual: 400; Expect: 400\n\n&#34;}], &#34;tests/test_auth.py::TestAuth::test_auth_cases[missing-username]&#34;: [{&#34;extras&#34;: [], &#34;result&#34;: &#34;Passed&#34;, &#34;testId&#34;: &#34;tests/test_auth.py::TestAuth::test_auth_cases[missing-username]&#34;, &#34;duration&#34;: &#34;946 ms&#34;, &#34;resultsTableRow&#34;: [&#34;&lt;td class=\&#34;col-result\&#34;&gt;Passed&lt;/td&gt;&#34;, &#34;&lt;td class=\&#34;col-testId\&#34;&gt;tests/test_auth.py::TestAuth::test_auth_cases[missing-username]&lt;/td&gt;&#34;, &#34;&lt;td class=\&#34;col-duration\&#34;&gt;946 ms&lt;/td&gt;&#34;, &#34;&lt;td class=\&#34;col-links\&#34;&gt;&lt;/td&gt;&#34;], &#34;log&#34;: &#34;------------------------------ Captured log call -------------------------------\nINFO     test_logger:api_client.py:57 GET All Users\nINFO     test_logger:api_client.py:79 POST user with fields: [&amp;#x27;&amp;#x27;, &amp;#x27;jklg*_56&amp;#x27;]\nINFO     test_logger:test_auth.py:76 Actual: 400; Expect: 400\n\n&#34;}], &#34;tests/test_auth.py::TestAuth::test_auth_cases[wrong-password]&#34;: [{&#34;extras&#34;: [], &#34;result&#34;: &#34;Passed&#34;, &#34;testId&#34;: &#34;tests/test_auth.py::TestAuth::test_auth_cases[wrong-password]&#34;, &#34;duration&#34;: &#34;848 ms&#34;, &#34;resultsTableRow&#34;: [&#34;&lt;td class=\&#34;col-result\&#34;&gt;Passed&lt;/td&gt;&#34;, &#34;&lt;td class=\&#34;col-testId\&#34;&gt;tests/test_auth.py::TestAuth::test_auth_cases[wrong-password]&lt;/td&gt;&#34;, &#34;&lt;td class=\&#34;col-duration\&#34;&gt;848 ms&lt;/td&gt;&#34;, &#34;&lt;td class=\&#34;col-links\&#34;&gt;&lt;/td&gt;&#34;], &#34;log&#34;: &#34;------------------------------ Captured log call -------------------------------\nINFO     test_logger:api_client.py:57 GET All Users\nINFO     test_logger:api_client.py:79 POST user with fields: [&amp;#x27;kate_h&amp;#x27;, &amp;#x27;@n#6G3Rb&amp;#x27;]\nINFO     test_logger:test_auth.py:76 Actual: 401; Expect: 401\n\n&#34;}], &#34;tests/test_auth.py::TestAuth::test_auth_cases[wrong-username]&#34;: [{&#34;extras&#34;: [], &#34;result&#34;: &#34;Passed&#34;, &#34;testId&#34;: &#34;tests/test_auth.py::TestAuth::test_auth_cases[wrong-username]&#34;, &#34;duration&#34;: &#34;847 ms&#34;, &#34;resultsTableRow&#34;: [&#34;&lt;td class=\&#34;col-result\&#34;&gt;Passed&lt;/td&gt;&#34;, &#34;&lt;td class=\&#34;col-testId\&#34;&gt;tests/test_auth.py::TestAuth::test_auth_cases[wrong-username]&lt;/td&gt;&#34;, &#34;&lt;td class=\&#34;col-duration\&#34;&gt;847 ms&lt;/td&gt;&#34;, &#34;&lt;td class=\&#34;col-links\&#34;&gt;&lt;/td&gt;&#34;], &#34;log&#34;: &#34;------------------------------ Captured log call -------------------------------\nINFO     test_logger:api_client.py:57 GET All Users\nINFO     test_logger:api_client.py:79 POST user with fields: [&amp;#x27;DerekRichards&amp;#x27;, &amp;#x27;jklg*_56&amp;#x27;]\nINFO     test_logger:test_auth.py:76 Actual: 401; Expect: 401\n\n&#34;}], &#34;tests/test_carts.py::TestCarts::test_single_cart_consistency&#34;: [{&#34;extras&#34;: [], &#34;result&#34;: &#34;Passed&#34;, &#34;testId&#34;: &#34;tests/test_carts.py::TestCarts::test_single_cart_consistency&#34;, &#34;duration&#34;: &#34;00:00:04&#34;, &#34;resultsTableRow&#34;: [&#34;&lt;td class=\&#34;col-result\&#34;&gt;Passed&lt;/td&gt;&#34;, &#34;&lt;td class=\&#34;col-testId\&#34;&gt;tests/test_carts.py::TestCarts::test_single_cart_consistency&lt;/td&gt;&#34;, &#34;&lt;td class=\&#34;col-duration\&#34;&gt;00:00:04&lt;/td&gt;&#34;, &#34;&lt;td class=\&#34;col-links\&#34;&gt;&lt;/td&gt;&#34;], &#34;log&#34;: &#34;------------------------------ Captured log call -------------------------------\nINFO     test_logger:api_client.py:35 GET All Carts\nINFO     test_logger:api_client.py:39 GET cart id: 1\nINFO     test_logger:api_client.py:39 GET cart id: 2\nINFO     test_logger:api_client.py:39 GET cart id: 3\nINFO     test_logger:api_client.py:39 GET cart id: 4\nINFO     test_logger:api_client.py:39 GET cart id: 5\nINFO     test_logger:api_client.py:39 GET cart id: 6\nINFO     test_logger:api_client.py:39 GET cart id: 7\nINFO     test_logger:test_carts.py:12 Carts mismatches found:\n\n&#34;}], &#34;tests/test_carts.py::TestCarts::test_cart_product_reference_integrity&#34;: [{&#34;extras&#34;: [], &#34;result&#34;: &#34;Passed&#34;, &#34;testId&#34;: &#34;tests/test_carts.py::TestCarts::test_cart_product_reference_integrity&#34;, &#34;duration&#34;: &#34;754 ms&#34;, &#34;resultsTableRow&#34;: [&#34;&lt;td class=\&#34;col-result\&#34;&gt;Passed&lt;/td&gt;&#34;, &#34;&lt;td class=\&#34;col-testId\&#34;&gt;tests/test_carts.py::TestCarts::test_cart_product_reference_integrity&lt;/td&gt;&#34;, &#34;&lt;td class=\&#34;col-duration\&#34;&gt;754 ms&lt;/td&gt;&#34;, &#34;&lt;td class=\&#34;col-links\&#34;&gt;&lt;/td&gt;&#34;], &#34;log&#34;: &#34;------------------------------ Captured log call -------------------------------\nINFO     test_logger:api_client.py:35 GET All Carts\nINFO     test_logger:api_client.py:13 GET All Products\nINFO     test_logger:test_carts.py:19 Invalid product references found: {}\n\n&#34;}], &#34;tests/test_carts.py::TestCarts::test_cart_user_reference_integrity&#34;: [{&#34;extras&#34;: [], &#34;result&#34;: &#34;Passed&#34;, &#34;testId&#34;: &#34;tests/test_carts.py::TestCarts::test_cart_user_reference_integrity&#34;, &#34;duration&#34;: &#34;845 ms&#34;, &#34;resultsTableRow&#34;: [&#34;&lt;td class=\&#34;col-result\&#34;&gt;Passed&lt;/td&gt;&#34;, &#34;&lt;td class=\&#34;col-testId\&#34;&gt;tests/test_carts.py::TestCarts::test_cart_user_reference_integrity&lt;/td&gt;&#34;, &#34;&lt;td class=\&#34;col-duration\&#34;&gt;845 ms&lt;/td&gt;&#34;, &#34;&lt;td class=\&#34;col-links\&#34;&gt;&lt;/td&gt;&#34;], &#34;log&#34;: &#34;------------------------------ Captured log call -------------------------------\nINFO     test_logger:api_client.py:35 GET All Carts\nINFO     test_logger:api_client.py:57 GET All Users\nINFO     test_logger:test_carts.py:26 Invalid user references found: {}\n\n&#34;}], &#34;tests/test_carts.py::TestCarts::test_cart_product_quantity_validation&#34;: [{&#34;extras&#34;: [], &#34;result&#34;: &#34;Passed&#34;, &#34;testId&#34;: &#34;tests/test_carts.py::TestCarts::test_cart_product_quantity_validation&#34;, &#34;duration&#34;: &#34;422 ms&#34;, &#34;resultsTableRow&#34;: [&#34;&lt;td class=\&#34;col-result\&#34;&gt;Passed&lt;/td&gt;&#34;, &#34;&lt;td class=\&#34;col-testId\&#34;&gt;tests/test_carts.py::TestCarts::test_cart_product_quantity_validation&lt;/td&gt;&#34;, &#34;&lt;td class=\&#34;col-duration\&#34;&gt;422 ms&lt;/td&gt;&#34;, &#34;&lt;td class=\&#34;col-links\&#34;&gt;&lt;/td&gt;&#34;], &#34;log&#34;: &#34;------------------------------ Captured log call -------------------------------\nINFO     test_logger:api_client.py:35 GET All Carts\nINFO     test_logger:test_carts.py:43 Found carts with invalid products list: []\n\n&#34;}], &#34;tests/test_carts.py::TestCarts::test_create_cart_unique_id_validation&#34;: [{&#34;extras&#34;: [], &#34;result&#34;: &#34;Failed&#34;, &#34;testId&#34;: &#34;tests/test_carts.py::TestCarts::test_create_cart_unique_id_validation&#34;, &#34;duration&#34;: &#34;748 ms&#34;, &#34;resultsTableRow&#34;: [&#34;&lt;td class=\&#34;col-result\&#34;&gt;Failed&lt;/td&gt;&#34;, &#34;&lt;td class=\&#34;col-testId\&#34;&gt;tests/test_carts.py::TestCarts::test_create_cart_unique_id_validation&lt;/td&gt;&#34;, &#34;&lt;td class=\&#34;col-duration\&#34;&gt;748 ms&lt;/td&gt;&#34;, &#34;&lt;td class=\&#34;col-links\&#34;&gt;&lt;/td&gt;&#34;], &#34;log&#34;: &#34;self = &amp;lt;tests.test_carts.TestCarts object at 0x000001E1E5B2CDD0&amp;gt;\n\n    def test_create_cart_unique_id_validation(self):\n        existing_cart = self._get_a_random_cart()\n        re = self.client.create_cart(existing_cart)\n        actual =  re.status\n        expect = 400\n        self.logger.info(f&amp;quot;Actual: {actual}; Expect: {expect}&amp;quot;)\n&amp;gt;       assert actual == 400, f&amp;quot;A new cart shouldn&amp;#x27;t be created on a duplicated cart ID&amp;quot;\nE       AssertionError: A new cart shouldn&amp;#x27;t be created on a duplicated cart ID\nE       assert 201 == 400\n\ntests\\test_carts.py:52: AssertionError\n\n------------------------------ Captured log call -------------------------------\nINFO     test_logger:api_client.py:35 GET All Carts\nINFO     test_logger:api_client.py:43 POST cart with keys: [&amp;#x27;id&amp;#x27;, &amp;#x27;userId&amp;#x27;, &amp;#x27;date&amp;#x27;, &amp;#x27;products&amp;#x27;, &amp;#x27;__v&amp;#x27;]\nINFO     test_logger:test_carts.py:51 Actual: 201; Expect: 400\n\n&#34;}], &#34;tests/test_carts.py::TestCarts::test_update_cart[all_fields_present]&#34;: [{&#34;extras&#34;: [], &#34;result&#34;: &#34;Passed&#34;, &#34;testId&#34;: &#34;tests/test_carts.py::TestCarts::test_update_cart[all_fields_present]&#34;, &#34;duration&#34;: &#34;757 ms&#34;, &#34;resultsTableRow&#34;: [&#34;&lt;td class=\&#34;col-result\&#34;&gt;Passed&lt;/td&gt;&#34;, &#34;&lt;td class=\&#34;col-testId\&#34;&gt;tests/test_carts.py::TestCarts::test_update_cart[all_fields_present]&lt;/td&gt;&#34;, &#34;&lt;td class=\&#34;col-duration\&#34;&gt;757 ms&lt;/td&gt;&#34;, &#34;&lt;td class=\&#34;col-links\&#34;&gt;&lt;/td&gt;&#34;], &#34;log&#34;: &#34;------------------------------ Captured log call -------------------------------\nINFO     test_logger:api_client.py:35 GET All Carts\nINFO     test_logger:api_client.py:47 PUT cart 1 with keys: [&amp;#x27;id&amp;#x27;, &amp;#x27;userId&amp;#x27;, &amp;#x27;date&amp;#x27;, &amp;#x27;products&amp;#x27;, &amp;#x27;__v&amp;#x27;]\nINFO     test_logger:test_carts.py:75 Actual: 200; Expect: 200; When missing None\n\n&#34;}], &#34;tests/test_carts.py::TestCarts::test_update_cart[missing_id]&#34;: [{&#34;extras&#34;: [], &#34;result&#34;: &#34;Failed&#34;, &#34;testId&#34;: &#34;tests/test_carts.py::TestCarts::test_update_cart[missing_id]&#34;, &#34;duration&#34;: &#34;948 ms&#34;, &#34;resultsTableRow&#34;: [&#34;&lt;td class=\&#34;col-result\&#34;&gt;Failed&lt;/td&gt;&#34;, &#34;&lt;td class=\&#34;col-testId\&#34;&gt;tests/test_carts.py::TestCarts::test_update_cart[missing_id]&lt;/td&gt;&#34;, &#34;&lt;td class=\&#34;col-duration\&#34;&gt;948 ms&lt;/td&gt;&#34;, &#34;&lt;td class=\&#34;col-links\&#34;&gt;&lt;/td&gt;&#34;], &#34;log&#34;: &#34;self = &amp;lt;tests.test_carts.TestCarts object at 0x000001E1E5B506B0&amp;gt;, missing_field = &amp;#x27;id&amp;#x27;, expected_status = 400\n\n    @pytest.mark.parametrize(\n        &amp;quot;missing_field, expected_status&amp;quot;,\n        [\n            pytest.param(None, 200, id=&amp;quot;all_fields_present&amp;quot;),\n            pytest.param(&amp;quot;id&amp;quot;, 400, id=&amp;quot;missing_id&amp;quot;),\n            pytest.param(&amp;quot;userId&amp;quot;, 400, id=&amp;quot;missing_userId&amp;quot;),\n            pytest.param(&amp;quot;date&amp;quot;, 400, id=&amp;quot;missing_date&amp;quot;),\n            pytest.param(&amp;quot;products&amp;quot;, 400, id=&amp;quot;missing_products&amp;quot;),\n        ]\n    )\n    def test_update_cart(self, missing_field, expected_status):\n        payload = self._get_a_random_cart()\n        cart_id = payload.get(&amp;quot;id&amp;quot;)\n    \n        if missing_field:\n            payload.pop(missing_field, None)\n    \n        re = self.client.update_cart(cart_id, payload)\n        actual_status = re.status\n    \n        self.logger.info(f&amp;quot;Actual: {actual_status}; Expect: {expected_status}; When missing {missing_field}&amp;quot;)\n&amp;gt;       assert re.status == expected_status\nE       AssertionError: assert 200 == 400\nE        +  where 200 = &amp;lt;APIResponse url=&amp;#x27;https://fakestoreapi.com/carts/7&amp;#x27; status=200 status_text=&amp;#x27;OK&amp;#x27;&amp;gt;.status\n\ntests\\test_carts.py:76: AssertionError\n\n------------------------------ Captured log call -------------------------------\nINFO     test_logger:api_client.py:35 GET All Carts\nINFO     test_logger:api_client.py:47 PUT cart 7 with keys: [&amp;#x27;userId&amp;#x27;, &amp;#x27;date&amp;#x27;, &amp;#x27;products&amp;#x27;, &amp;#x27;__v&amp;#x27;]\nINFO     test_logger:test_carts.py:75 Actual: 200; Expect: 400; When missing id\n\n&#34;}], &#34;tests/test_carts.py::TestCarts::test_update_cart[missing_userId]&#34;: [{&#34;extras&#34;: [], &#34;result&#34;: &#34;Failed&#34;, &#34;testId&#34;: &#34;tests/test_carts.py::TestCarts::test_update_cart[missing_userId]&#34;, &#34;duration&#34;: &#34;948 ms&#34;, &#34;resultsTableRow&#34;: [&#34;&lt;td class=\&#34;col-result\&#34;&gt;Failed&lt;/td&gt;&#34;, &#34;&lt;td class=\&#34;col-testId\&#34;&gt;tests/test_carts.py::TestCarts::test_update_cart[missing_userId]&lt;/td&gt;&#34;, &#34;&lt;td class=\&#34;col-duration\&#34;&gt;948 ms&lt;/td&gt;&#34;, &#34;&lt;td class=\&#34;col-links\&#34;&gt;&lt;/td&gt;&#34;], &#34;log&#34;: &#34;self = &amp;lt;tests.test_carts.TestCarts object at 0x000001E1E5B11D50&amp;gt;, missing_field = &amp;#x27;userId&amp;#x27;, expected_status = 400\n\n    @pytest.mark.parametrize(\n        &amp;quot;missing_field, expected_status&amp;quot;,\n        [\n            pytest.param(None, 200, id=&amp;quot;all_fields_present&amp;quot;),\n            pytest.param(&amp;quot;id&amp;quot;, 400, id=&amp;quot;missing_id&amp;quot;),\n            pytest.param(&amp;quot;userId&amp;quot;, 400, id=&amp;quot;missing_userId&amp;quot;),\n            pytest.param(&amp;quot;date&amp;quot;, 400, id=&amp;quot;missing_date&amp;quot;),\n            pytest.param(&amp;quot;products&amp;quot;, 400, id=&amp;quot;missing_products&amp;quot;),\n        ]\n    )\n    def test_update_cart(self, missing_field, expected_status):\n        payload = self._get_a_random_cart()\n        cart_id = payload.get(&amp;quot;id&amp;quot;)\n    \n        if missing_field:\n            payload.pop(missing_field, None)\n    \n        re = self.client.update_cart(cart_id, payload)\n        actual_status = re.status\n    \n        self.logger.info(f&amp;quot;Actual: {actual_status}; Expect: {expected_status}; When missing {missing_field}&amp;quot;)\n&amp;gt;       assert re.status == expected_status\nE       AssertionError: assert 200 == 400\nE        +  where 200 = &amp;lt;APIResponse url=&amp;#x27;https://fakestoreapi.com/carts/1&amp;#x27; status=200 status_text=&amp;#x27;OK&amp;#x27;&amp;gt;.status\n\ntests\\test_carts.py:76: AssertionError\n\n------------------------------ Captured log call -------------------------------\nINFO     test_logger:api_client.py:35 GET All Carts\nINFO     test_logger:api_client.py:47 PUT cart 1 with keys: [&amp;#x27;id&amp;#x27;, &amp;#x27;date&amp;#x27;, &amp;#x27;products&amp;#x27;, &amp;#x27;__v&amp;#x27;]\nINFO     test_logger:test_carts.py:75 Actual: 200; Expect: 400; When missing userId\n\n&#34;}], &#34;tests/test_carts.py::TestCarts::test_update_cart[missing_date]&#34;: [{&#34;extras&#34;: [], &#34;result&#34;: &#34;Failed&#34;, &#34;testId&#34;: &#34;tests/test_carts.py::TestCarts::test_update_cart[missing_date]&#34;, &#34;duration&#34;: &#34;756 ms&#34;, &#34;resultsTableRow&#34;: [&#34;&lt;td class=\&#34;col-result\&#34;&gt;Failed&lt;/td&gt;&#34;, &#34;&lt;td class=\&#34;col-testId\&#34;&gt;tests/test_carts.py::TestCarts::test_update_cart[missing_date]&lt;/td&gt;&#34;, &#34;&lt;td class=\&#34;col-duration\&#34;&gt;756 ms&lt;/td&gt;&#34;, &#34;&lt;td class=\&#34;col-links\&#34;&gt;&lt;/td&gt;&#34;], &#34;log&#34;: &#34;self = &amp;lt;tests.test_carts.TestCarts object at 0x000001E1E5B12150&amp;gt;, missing_field = &amp;#x27;date&amp;#x27;, expected_status = 400\n\n    @pytest.mark.parametrize(\n        &amp;quot;missing_field, expected_status&amp;quot;,\n        [\n            pytest.param(None, 200, id=&amp;quot;all_fields_present&amp;quot;),\n            pytest.param(&amp;quot;id&amp;quot;, 400, id=&amp;quot;missing_id&amp;quot;),\n            pytest.param(&amp;quot;userId&amp;quot;, 400, id=&amp;quot;missing_userId&amp;quot;),\n            pytest.param(&amp;quot;date&amp;quot;, 400, id=&amp;quot;missing_date&amp;quot;),\n            pytest.param(&amp;quot;products&amp;quot;, 400, id=&amp;quot;missing_products&amp;quot;),\n        ]\n    )\n    def test_update_cart(self, missing_field, expected_status):\n        payload = self._get_a_random_cart()\n        cart_id = payload.get(&amp;quot;id&amp;quot;)\n    \n        if missing_field:\n            payload.pop(missing_field, None)\n    \n        re = self.client.update_cart(cart_id, payload)\n        actual_status = re.status\n    \n        self.logger.info(f&amp;quot;Actual: {actual_status}; Expect: {expected_status}; When missing {missing_field}&amp;quot;)\n&amp;gt;       assert re.status == expected_status\nE       AssertionError: assert 200 == 400\nE        +  where 200 = &amp;lt;APIResponse url=&amp;#x27;https://fakestoreapi.com/carts/6&amp;#x27; status=200 status_text=&amp;#x27;OK&amp;#x27;&amp;gt;.status\n\ntests\\test_carts.py:76: AssertionError\n\n------------------------------ Captured log call -------------------------------\nINFO     test_logger:api_client.py:35 GET All Carts\nINFO     test_logger:api_client.py:47 PUT cart 6 with keys: [&amp;#x27;id&amp;#x27;, &amp;#x27;userId&amp;#x27;, &amp;#x27;products&amp;#x27;, &amp;#x27;__v&amp;#x27;]\nINFO     test_logger:test_carts.py:75 Actual: 200; Expect: 400; When missing date\n\n&#34;}], &#34;tests/test_carts.py::TestCarts::test_update_cart[missing_products]&#34;: [{&#34;extras&#34;: [], &#34;result&#34;: &#34;Failed&#34;, &#34;testId&#34;: &#34;tests/test_carts.py::TestCarts::test_update_cart[missing_products]&#34;, &#34;duration&#34;: &#34;755 ms&#34;, &#34;resultsTableRow&#34;: [&#34;&lt;td class=\&#34;col-result\&#34;&gt;Failed&lt;/td&gt;&#34;, &#34;&lt;td class=\&#34;col-testId\&#34;&gt;tests/test_carts.py::TestCarts::test_update_cart[missing_products]&lt;/td&gt;&#34;, &#34;&lt;td class=\&#34;col-duration\&#34;&gt;755 ms&lt;/td&gt;&#34;, &#34;&lt;td class=\&#34;col-links\&#34;&gt;&lt;/td&gt;&#34;], &#34;log&#34;: &#34;self = &amp;lt;tests.test_carts.TestCarts object at 0x000001E1E5AD1D60&amp;gt;, missing_field = &amp;#x27;products&amp;#x27;, expected_status = 400\n\n    @pytest.mark.parametrize(\n        &amp;quot;missing_field, expected_status&amp;quot;,\n        [\n            pytest.param(None, 200, id=&amp;quot;all_fields_present&amp;quot;),\n            pytest.param(&amp;quot;id&amp;quot;, 400, id=&amp;quot;missing_id&amp;quot;),\n            pytest.param(&amp;quot;userId&amp;quot;, 400, id=&amp;quot;missing_userId&amp;quot;),\n            pytest.param(&amp;quot;date&amp;quot;, 400, id=&amp;quot;missing_date&amp;quot;),\n            pytest.param(&amp;quot;products&amp;quot;, 400, id=&amp;quot;missing_products&amp;quot;),\n        ]\n    )\n    def test_update_cart(self, missing_field, expected_status):\n        payload = self._get_a_random_cart()\n        cart_id = payload.get(&amp;quot;id&amp;quot;)\n    \n        if missing_field:\n            payload.pop(missing_field, None)\n    \n        re = self.client.update_cart(cart_id, payload)\n        actual_status = re.status\n    \n        self.logger.info(f&amp;quot;Actual: {actual_status}; Expect: {expected_status}; When missing {missing_field}&amp;quot;)\n&amp;gt;       assert re.status == expected_status\nE       AssertionError: assert 200 == 400\nE        +  where 200 = &amp;lt;APIResponse url=&amp;#x27;https://fakestoreapi.com/carts/3&amp;#x27; status=200 status_text=&amp;#x27;OK&amp;#x27;&amp;gt;.status\n\ntests\\test_carts.py:76: AssertionError\n\n------------------------------ Captured log call -------------------------------\nINFO     test_logger:api_client.py:35 GET All Carts\nINFO     test_logger:api_client.py:47 PUT cart 3 with keys: [&amp;#x27;id&amp;#x27;, &amp;#x27;userId&amp;#x27;, &amp;#x27;date&amp;#x27;, &amp;#x27;__v&amp;#x27;]\nINFO     test_logger:test_carts.py:75 Actual: 200; Expect: 400; When missing products\n\n&#34;}], &#34;tests/test_carts.py::TestCarts::test_create_cart_missing_field_validation[all_fields_present]&#34;: [{&#34;extras&#34;: [], &#34;result&#34;: &#34;Passed&#34;, &#34;testId&#34;: &#34;tests/test_carts.py::TestCarts::test_create_cart_missing_field_validation[all_fields_present]&#34;, &#34;duration&#34;: &#34;00:00:01&#34;, &#34;resultsTableRow&#34;: [&#34;&lt;td class=\&#34;col-result\&#34;&gt;Passed&lt;/td&gt;&#34;, &#34;&lt;td class=\&#34;col-testId\&#34;&gt;tests/test_carts.py::TestCarts::test_create_cart_missing_field_validation[all_fields_present]&lt;/td&gt;&#34;, &#34;&lt;td class=\&#34;col-duration\&#34;&gt;00:00:01&lt;/td&gt;&#34;, &#34;&lt;td class=\&#34;col-links\&#34;&gt;&lt;/td&gt;&#34;], &#34;log&#34;: &#34;------------------------------ Captured log setup ------------------------------\nINFO     test_logger:api_client.py:35 GET All Carts\nINFO     test_logger:api_client.py:35 GET All Carts\n\n------------------------------ Captured log call -------------------------------\nINFO     test_logger:api_client.py:43 POST cart with keys: [&amp;#x27;id&amp;#x27;, &amp;#x27;userId&amp;#x27;, &amp;#x27;date&amp;#x27;, &amp;#x27;products&amp;#x27;, &amp;#x27;__v&amp;#x27;]\nINFO     test_logger:test_carts.py:99 Actual: 201; Expect: 201; When missing None\n\n&#34;}], &#34;tests/test_carts.py::TestCarts::test_create_cart_missing_field_validation[missing_id]&#34;: [{&#34;extras&#34;: [], &#34;result&#34;: &#34;Failed&#34;, &#34;testId&#34;: &#34;tests/test_carts.py::TestCarts::test_create_cart_missing_field_validation[missing_id]&#34;, &#34;duration&#34;: &#34;00:00:01&#34;, &#34;resultsTableRow&#34;: [&#34;&lt;td class=\&#34;col-result\&#34;&gt;Failed&lt;/td&gt;&#34;, &#34;&lt;td class=\&#34;col-testId\&#34;&gt;tests/test_carts.py::TestCarts::test_create_cart_missing_field_validation[missing_id]&lt;/td&gt;&#34;, &#34;&lt;td class=\&#34;col-duration\&#34;&gt;00:00:01&lt;/td&gt;&#34;, &#34;&lt;td class=\&#34;col-links\&#34;&gt;&lt;/td&gt;&#34;], &#34;log&#34;: &#34;self = &amp;lt;tests.test_carts.TestCarts object at 0x000001E1E5B5CD70&amp;gt;\n_mirror_a_new_cart = {&amp;#x27;__v&amp;#x27;: 0, &amp;#x27;date&amp;#x27;: &amp;#x27;2020-01-01T00:00:00.000Z&amp;#x27;, &amp;#x27;products&amp;#x27;: [{&amp;#x27;productId&amp;#x27;: 1, &amp;#x27;quantity&amp;#x27;: 4}], &amp;#x27;userId&amp;#x27;: 3}, missing_field = &amp;#x27;id&amp;#x27;\nexpected_status = 400\n\n    @pytest.mark.parametrize(\n        &amp;quot;missing_field, expected_status&amp;quot;,\n        [\n            pytest.param(None, 201, id=&amp;quot;all_fields_present&amp;quot;),\n            pytest.param(&amp;quot;id&amp;quot;, 400, id=&amp;quot;missing_id&amp;quot;),\n            pytest.param(&amp;quot;userId&amp;quot;, 400, id=&amp;quot;missing_userId&amp;quot;),\n            pytest.param(&amp;quot;date&amp;quot;, 400, id=&amp;quot;missing_date&amp;quot;),\n            pytest.param(&amp;quot;products&amp;quot;, 400, id=&amp;quot;missing_products&amp;quot;),\n        ]\n    )\n    def test_create_cart_missing_field_validation(self, _mirror_a_new_cart, missing_field, expected_status):\n        new_cart = _mirror_a_new_cart\n    \n        if missing_field:\n            new_cart.pop(missing_field, None)\n    \n        re = self.client.create_cart(new_cart)\n        actual_status = re.status\n    \n        self.logger.info(f&amp;quot;Actual: {actual_status}; Expect: {expected_status}; When missing {missing_field}&amp;quot;)\n&amp;gt;       assert actual_status == expected_status\nE       assert 201 == 400\n\ntests\\test_carts.py:100: AssertionError\n\n------------------------------ Captured log setup ------------------------------\nINFO     test_logger:api_client.py:35 GET All Carts\nINFO     test_logger:api_client.py:35 GET All Carts\n\n------------------------------ Captured log call -------------------------------\nINFO     test_logger:api_client.py:43 POST cart with keys: [&amp;#x27;userId&amp;#x27;, &amp;#x27;date&amp;#x27;, &amp;#x27;products&amp;#x27;, &amp;#x27;__v&amp;#x27;]\nINFO     test_logger:test_carts.py:99 Actual: 201; Expect: 400; When missing id\n\n&#34;}], &#34;tests/test_carts.py::TestCarts::test_create_cart_missing_field_validation[missing_userId]&#34;: [{&#34;extras&#34;: [], &#34;result&#34;: &#34;Failed&#34;, &#34;testId&#34;: &#34;tests/test_carts.py::TestCarts::test_create_cart_missing_field_validation[missing_userId]&#34;, &#34;duration&#34;: &#34;00:00:01&#34;, &#34;resultsTableRow&#34;: [&#34;&lt;td class=\&#34;col-result\&#34;&gt;Failed&lt;/td&gt;&#34;, &#34;&lt;td class=\&#34;col-testId\&#34;&gt;tests/test_carts.py::TestCarts::test_create_cart_missing_field_validation[missing_userId]&lt;/td&gt;&#34;, &#34;&lt;td class=\&#34;col-duration\&#34;&gt;00:00:01&lt;/td&gt;&#34;, &#34;&lt;td class=\&#34;col-links\&#34;&gt;&lt;/td&gt;&#34;], &#34;log&#34;: &#34;self = &amp;lt;tests.test_carts.TestCarts object at 0x000001E1E5B5CF30&amp;gt;\n_mirror_a_new_cart = {&amp;#x27;__v&amp;#x27;: 0, &amp;#x27;date&amp;#x27;: &amp;#x27;2020-03-02T00:00:00.000Z&amp;#x27;, &amp;#x27;id&amp;#x27;: 8, &amp;#x27;products&amp;#x27;: [{&amp;#x27;productId&amp;#x27;: 1, &amp;#x27;quantity&amp;#x27;: 4}, {&amp;#x27;productId&amp;#x27;: 2, &amp;#x27;quantity&amp;#x27;: 1}, {&amp;#x27;productId&amp;#x27;: 3, &amp;#x27;quantity&amp;#x27;: 6}]}\nmissing_field = &amp;#x27;userId&amp;#x27;, expected_status = 400\n\n    @pytest.mark.parametrize(\n        &amp;quot;missing_field, expected_status&amp;quot;,\n        [\n            pytest.param(None, 201, id=&amp;quot;all_fields_present&amp;quot;),\n            pytest.param(&amp;quot;id&amp;quot;, 400, id=&amp;quot;missing_id&amp;quot;),\n            pytest.param(&amp;quot;userId&amp;quot;, 400, id=&amp;quot;missing_userId&amp;quot;),\n            pytest.param(&amp;quot;date&amp;quot;, 400, id=&amp;quot;missing_date&amp;quot;),\n            pytest.param(&amp;quot;products&amp;quot;, 400, id=&amp;quot;missing_products&amp;quot;),\n        ]\n    )\n    def test_create_cart_missing_field_validation(self, _mirror_a_new_cart, missing_field, expected_status):\n        new_cart = _mirror_a_new_cart\n    \n        if missing_field:\n            new_cart.pop(missing_field, None)\n    \n        re = self.client.create_cart(new_cart)\n        actual_status = re.status\n    \n        self.logger.info(f&amp;quot;Actual: {actual_status}; Expect: {expected_status}; When missing {missing_field}&amp;quot;)\n&amp;gt;       assert actual_status == expected_status\nE       assert 201 == 400\n\ntests\\test_carts.py:100: AssertionError\n\n------------------------------ Captured log setup ------------------------------\nINFO     test_logger:api_client.py:35 GET All Carts\nINFO     test_logger:api_client.py:35 GET All Carts\n\n------------------------------ Captured log call -------------------------------\nINFO     test_logger:api_client.py:43 POST cart with keys: [&amp;#x27;id&amp;#x27;, &amp;#x27;date&amp;#x27;, &amp;#x27;products&amp;#x27;, &amp;#x27;__v&amp;#x27;]\nINFO     test_logger:test_carts.py:99 Actual: 201; Expect: 400; When missing userId\n\n&#34;}], &#34;tests/test_carts.py::TestCarts::test_create_cart_missing_field_validation[missing_date]&#34;: [{&#34;extras&#34;: [], &#34;result&#34;: &#34;Failed&#34;, &#34;testId&#34;: &#34;tests/test_carts.py::TestCarts::test_create_cart_missing_field_validation[missing_date]&#34;, &#34;duration&#34;: &#34;00:00:02&#34;, &#34;resultsTableRow&#34;: [&#34;&lt;td class=\&#34;col-result\&#34;&gt;Failed&lt;/td&gt;&#34;, &#34;&lt;td class=\&#34;col-testId\&#34;&gt;tests/test_carts.py::TestCarts::test_create_cart_missing_field_validation[missing_date]&lt;/td&gt;&#34;, &#34;&lt;td class=\&#34;col-duration\&#34;&gt;00:00:02&lt;/td&gt;&#34;, &#34;&lt;td class=\&#34;col-links\&#34;&gt;&lt;/td&gt;&#34;], &#34;log&#34;: &#34;self = &amp;lt;tests.test_carts.TestCarts object at 0x000001E1E5B05D90&amp;gt;\n_mirror_a_new_cart = {&amp;#x27;__v&amp;#x27;: 0, &amp;#x27;id&amp;#x27;: 8, &amp;#x27;products&amp;#x27;: [{&amp;#x27;productId&amp;#x27;: 18, &amp;#x27;quantity&amp;#x27;: 1}], &amp;#x27;userId&amp;#x27;: 8}, missing_field = &amp;#x27;date&amp;#x27;, expected_status = 400\n\n    @pytest.mark.parametrize(\n        &amp;quot;missing_field, expected_status&amp;quot;,\n        [\n            pytest.param(None, 201, id=&amp;quot;all_fields_present&amp;quot;),\n            pytest.param(&amp;quot;id&amp;quot;, 400, id=&amp;quot;missing_id&amp;quot;),\n            pytest.param(&amp;quot;userId&amp;quot;, 400, id=&amp;quot;missing_userId&amp;quot;),\n            pytest.param(&amp;quot;date&amp;quot;, 400, id=&amp;quot;missing_date&amp;quot;),\n            pytest.param(&amp;quot;products&amp;quot;, 400, id=&amp;quot;missing_products&amp;quot;),\n        ]\n    )\n    def test_create_cart_missing_field_validation(self, _mirror_a_new_cart, missing_field, expected_status):\n        new_cart = _mirror_a_new_cart\n    \n        if missing_field:\n            new_cart.pop(missing_field, None)\n    \n        re = self.client.create_cart(new_cart)\n        actual_status = re.status\n    \n        self.logger.info(f&amp;quot;Actual: {actual_status}; Expect: {expected_status}; When missing {missing_field}&amp;quot;)\n&amp;gt;       assert actual_status == expected_status\nE       assert 201 == 400\n\ntests\\test_carts.py:100: AssertionError\n\n------------------------------ Captured log setup ------------------------------\nINFO     test_logger:api_client.py:35 GET All Carts\nINFO     test_logger:api_client.py:35 GET All Carts\n\n------------------------------ Captured log call -------------------------------\nINFO     test_logger:api_client.py:43 POST cart with keys: [&amp;#x27;id&amp;#x27;, &amp;#x27;userId&amp;#x27;, &amp;#x27;products&amp;#x27;, &amp;#x27;__v&amp;#x27;]\nINFO     test_logger:test_carts.py:99 Actual: 201; Expect: 400; When missing date\n\n&#34;}], &#34;tests/test_carts.py::TestCarts::test_create_cart_missing_field_validation[missing_products]&#34;: [{&#34;extras&#34;: [], &#34;result&#34;: &#34;Failed&#34;, &#34;testId&#34;: &#34;tests/test_carts.py::TestCarts::test_create_cart_missing_field_validation[missing_products]&#34;, &#34;duration&#34;: &#34;00:00:02&#34;, &#34;resultsTableRow&#34;: [&#34;&lt;td class=\&#34;col-result\&#34;&gt;Failed&lt;/td&gt;&#34;, &#34;&lt;td class=\&#34;col-testId\&#34;&gt;tests/test_carts.py::TestCarts::test_create_cart_missing_field_validation[missing_products]&lt;/td&gt;&#34;, &#34;&lt;td class=\&#34;col-duration\&#34;&gt;00:00:02&lt;/td&gt;&#34;, &#34;&lt;td class=\&#34;col-links\&#34;&gt;&lt;/td&gt;&#34;], &#34;log&#34;: &#34;self = &amp;lt;tests.test_carts.TestCarts object at 0x000001E1E59BA8D0&amp;gt;, _mirror_a_new_cart = {&amp;#x27;__v&amp;#x27;: 0, &amp;#x27;date&amp;#x27;: &amp;#x27;2020-03-02T00:00:00.000Z&amp;#x27;, &amp;#x27;id&amp;#x27;: 8, &amp;#x27;userId&amp;#x27;: 1}\nmissing_field = &amp;#x27;products&amp;#x27;, expected_status = 400\n\n    @pytest.mark.parametrize(\n        &amp;quot;missing_field, expected_status&amp;quot;,\n        [\n            pytest.param(None, 201, id=&amp;quot;all_fields_present&amp;quot;),\n            pytest.param(&amp;quot;id&amp;quot;, 400, id=&amp;quot;missing_id&amp;quot;),\n            pytest.param(&amp;quot;userId&amp;quot;, 400, id=&amp;quot;missing_userId&amp;quot;),\n            pytest.param(&amp;quot;date&amp;quot;, 400, id=&amp;quot;missing_date&amp;quot;),\n            pytest.param(&amp;quot;products&amp;quot;, 400, id=&amp;quot;missing_products&amp;quot;),\n        ]\n    )\n    def test_create_cart_missing_field_validation(self, _mirror_a_new_cart, missing_field, expected_status):\n        new_cart = _mirror_a_new_cart\n    \n        if missing_field:\n            new_cart.pop(missing_field, None)\n    \n        re = self.client.create_cart(new_cart)\n        actual_status = re.status\n    \n        self.logger.info(f&amp;quot;Actual: {actual_status}; Expect: {expected_status}; When missing {missing_field}&amp;quot;)\n&amp;gt;       assert actual_status == expected_status\nE       assert 201 == 400\n\ntests\\test_carts.py:100: AssertionError\n\n------------------------------ Captured log setup ------------------------------\nINFO     test_logger:api_client.py:35 GET All Carts\nINFO     test_logger:api_client.py:35 GET All Carts\n\n------------------------------ Captured log call -------------------------------\nINFO     test_logger:api_client.py:43 POST cart with keys: [&amp;#x27;id&amp;#x27;, &amp;#x27;userId&amp;#x27;, &amp;#x27;date&amp;#x27;, &amp;#x27;__v&amp;#x27;]\nINFO     test_logger:test_carts.py:99 Actual: 201; Expect: 400; When missing products\n\n&#34;}], &#34;tests/test_products.py::TestProducts::test_get_all_categories&#34;: [{&#34;extras&#34;: [], &#34;result&#34;: &#34;Passed&#34;, &#34;testId&#34;: &#34;tests/test_products.py::TestProducts::test_get_all_categories&#34;, &#34;duration&#34;: &#34;749 ms&#34;, &#34;resultsTableRow&#34;: [&#34;&lt;td class=\&#34;col-result\&#34;&gt;Passed&lt;/td&gt;&#34;, &#34;&lt;td class=\&#34;col-testId\&#34;&gt;tests/test_products.py::TestProducts::test_get_all_categories&lt;/td&gt;&#34;, &#34;&lt;td class=\&#34;col-duration\&#34;&gt;749 ms&lt;/td&gt;&#34;, &#34;&lt;td class=\&#34;col-links\&#34;&gt;&lt;/td&gt;&#34;], &#34;log&#34;: &#34;------------------------------ Captured log call -------------------------------\nINFO     test_logger:api_client.py:13 GET All Products\nINFO     test_logger:test_products.py:11 Got {&amp;quot;women&amp;#x27;s clothing&amp;quot;, &amp;#x27;electronics&amp;#x27;, &amp;quot;men&amp;#x27;s clothing&amp;quot;, &amp;#x27;jewelery&amp;#x27;}, expected {&amp;quot;women&amp;#x27;s clothing&amp;quot;, &amp;#x27;electronics&amp;#x27;, &amp;quot;men&amp;#x27;s clothing&amp;quot;, &amp;#x27;jewelery&amp;#x27;}\n\n&#34;}], &#34;tests/test_products.py::TestProducts::test_product_price_validity&#34;: [{&#34;extras&#34;: [], &#34;result&#34;: &#34;Passed&#34;, &#34;testId&#34;: &#34;tests/test_products.py::TestProducts::test_product_price_validity&#34;, &#34;duration&#34;: &#34;535 ms&#34;, &#34;resultsTableRow&#34;: [&#34;&lt;td class=\&#34;col-result\&#34;&gt;Passed&lt;/td&gt;&#34;, &#34;&lt;td class=\&#34;col-testId\&#34;&gt;tests/test_products.py::TestProducts::test_product_price_validity&lt;/td&gt;&#34;, &#34;&lt;td class=\&#34;col-duration\&#34;&gt;535 ms&lt;/td&gt;&#34;, &#34;&lt;td class=\&#34;col-links\&#34;&gt;&lt;/td&gt;&#34;], &#34;log&#34;: &#34;------------------------------ Captured log call -------------------------------\nINFO     test_logger:api_client.py:13 GET All Products\nINFO     test_logger:test_products.py:25 Invalid product prices found: []\n\n&#34;}], &#34;tests/test_products.py::TestProducts::test_unique_product_id&#34;: [{&#34;extras&#34;: [], &#34;result&#34;: &#34;Passed&#34;, &#34;testId&#34;: &#34;tests/test_products.py::TestProducts::test_unique_product_id&#34;, &#34;duration&#34;: &#34;00:00:02&#34;, &#34;resultsTableRow&#34;: [&#34;&lt;td class=\&#34;col-result\&#34;&gt;Passed&lt;/td&gt;&#34;, &#34;&lt;td class=\&#34;col-testId\&#34;&gt;tests/test_products.py::TestProducts::test_unique_product_id&lt;/td&gt;&#34;, &#34;&lt;td class=\&#34;col-duration\&#34;&gt;00:00:02&lt;/td&gt;&#34;, &#34;&lt;td class=\&#34;col-links\&#34;&gt;&lt;/td&gt;&#34;], &#34;log&#34;: &#34;------------------------------ Captured log call -------------------------------\nINFO     test_logger:api_client.py:13 GET All Products\nINFO     test_logger:test_products.py:33 Duplicate product IDs found: []\n\n&#34;}], &#34;tests/test_products.py::TestProducts::test_single_product_consistency&#34;: [{&#34;extras&#34;: [], &#34;result&#34;: &#34;Passed&#34;, &#34;testId&#34;: &#34;tests/test_products.py::TestProducts::test_single_product_consistency&#34;, &#34;duration&#34;: &#34;00:00:09&#34;, &#34;resultsTableRow&#34;: [&#34;&lt;td class=\&#34;col-result\&#34;&gt;Passed&lt;/td&gt;&#34;, &#34;&lt;td class=\&#34;col-testId\&#34;&gt;tests/test_products.py::TestProducts::test_single_product_consistency&lt;/td&gt;&#34;, &#34;&lt;td class=\&#34;col-duration\&#34;&gt;00:00:09&lt;/td&gt;&#34;, &#34;&lt;td class=\&#34;col-links\&#34;&gt;&lt;/td&gt;&#34;], &#34;log&#34;: &#34;------------------------------ Captured log call -------------------------------\nINFO     test_logger:api_client.py:13 GET All Products\nINFO     test_logger:api_client.py:17 GET product id: 1\nINFO     test_logger:api_client.py:17 GET product id: 2\nINFO     test_logger:api_client.py:17 GET product id: 3\nINFO     test_logger:api_client.py:17 GET product id: 4\nINFO     test_logger:api_client.py:17 GET product id: 5\nINFO     test_logger:api_client.py:17 GET product id: 6\nINFO     test_logger:api_client.py:17 GET product id: 7\nINFO     test_logger:api_client.py:17 GET product id: 8\nINFO     test_logger:api_client.py:17 GET product id: 9\nINFO     test_logger:api_client.py:17 GET product id: 10\nINFO     test_logger:api_client.py:17 GET product id: 11\nINFO     test_logger:api_client.py:17 GET product id: 12\nINFO     test_logger:api_client.py:17 GET product id: 13\nINFO     test_logger:api_client.py:17 GET product id: 14\nINFO     test_logger:api_client.py:17 GET product id: 15\nINFO     test_logger:api_client.py:17 GET product id: 16\nINFO     test_logger:api_client.py:17 GET product id: 17\nINFO     test_logger:api_client.py:17 GET product id: 18\nINFO     test_logger:api_client.py:17 GET product id: 19\nINFO     test_logger:api_client.py:17 GET product id: 20\nINFO     test_logger:test_products.py:41 Product mismatches found:\n\n&#34;}], &#34;tests/test_products.py::TestProducts::test_category_coverage&#34;: [{&#34;extras&#34;: [], &#34;result&#34;: &#34;Passed&#34;, &#34;testId&#34;: &#34;tests/test_products.py::TestProducts::test_category_coverage&#34;, &#34;duration&#34;: &#34;539 ms&#34;, &#34;resultsTableRow&#34;: [&#34;&lt;td class=\&#34;col-result\&#34;&gt;Passed&lt;/td&gt;&#34;, &#34;&lt;td class=\&#34;col-testId\&#34;&gt;tests/test_products.py::TestProducts::test_category_coverage&lt;/td&gt;&#34;, &#34;&lt;td class=\&#34;col-duration\&#34;&gt;539 ms&lt;/td&gt;&#34;, &#34;&lt;td class=\&#34;col-links\&#34;&gt;&lt;/td&gt;&#34;], &#34;log&#34;: &#34;------------------------------ Captured log call -------------------------------\nINFO     test_logger:api_client.py:13 GET All Products\nINFO     test_logger:test_products.py:49 Empty categories found: []\n\n&#34;}], &#34;tests/test_users.py::TestUsers::test_unique_user_id&#34;: [{&#34;extras&#34;: [], &#34;result&#34;: &#34;Passed&#34;, &#34;testId&#34;: &#34;tests/test_users.py::TestUsers::test_unique_user_id&#34;, &#34;duration&#34;: &#34;427 ms&#34;, &#34;resultsTableRow&#34;: [&#34;&lt;td class=\&#34;col-result\&#34;&gt;Passed&lt;/td&gt;&#34;, &#34;&lt;td class=\&#34;col-testId\&#34;&gt;tests/test_users.py::TestUsers::test_unique_user_id&lt;/td&gt;&#34;, &#34;&lt;td class=\&#34;col-duration\&#34;&gt;427 ms&lt;/td&gt;&#34;, &#34;&lt;td class=\&#34;col-links\&#34;&gt;&lt;/td&gt;&#34;], &#34;log&#34;: &#34;------------------------------ Captured log call -------------------------------\nINFO     test_logger:api_client.py:57 GET All Users\nINFO     test_logger:test_users.py:13 Duplicate user IDs found: []\n\n&#34;}], &#34;tests/test_users.py::TestUsers::test_single_user_consistency&#34;: [{&#34;extras&#34;: [], &#34;result&#34;: &#34;Passed&#34;, &#34;testId&#34;: &#34;tests/test_users.py::TestUsers::test_single_user_consistency&#34;, &#34;duration&#34;: &#34;00:00:05&#34;, &#34;resultsTableRow&#34;: [&#34;&lt;td class=\&#34;col-result\&#34;&gt;Passed&lt;/td&gt;&#34;, &#34;&lt;td class=\&#34;col-testId\&#34;&gt;tests/test_users.py::TestUsers::test_single_user_consistency&lt;/td&gt;&#34;, &#34;&lt;td class=\&#34;col-duration\&#34;&gt;00:00:05&lt;/td&gt;&#34;, &#34;&lt;td class=\&#34;col-links\&#34;&gt;&lt;/td&gt;&#34;], &#34;log&#34;: &#34;------------------------------ Captured log call -------------------------------\nINFO     test_logger:api_client.py:57 GET All Users\nINFO     test_logger:api_client.py:61 GET user id: 1\nINFO     test_logger:api_client.py:61 GET user id: 2\nINFO     test_logger:api_client.py:61 GET user id: 3\nINFO     test_logger:api_client.py:61 GET user id: 4\nINFO     test_logger:api_client.py:61 GET user id: 5\nINFO     test_logger:api_client.py:61 GET user id: 6\nINFO     test_logger:api_client.py:61 GET user id: 7\nINFO     test_logger:api_client.py:61 GET user id: 8\nINFO     test_logger:api_client.py:61 GET user id: 9\nINFO     test_logger:api_client.py:61 GET user id: 10\nINFO     test_logger:test_users.py:21 User mismatches found:\n\n&#34;}], &#34;tests/test_users.py::TestUsers::test_validate_email_format&#34;: [{&#34;extras&#34;: [], &#34;result&#34;: &#34;Passed&#34;, &#34;testId&#34;: &#34;tests/test_users.py::TestUsers::test_validate_email_format&#34;, &#34;duration&#34;: &#34;956 ms&#34;, &#34;resultsTableRow&#34;: [&#34;&lt;td class=\&#34;col-result\&#34;&gt;Passed&lt;/td&gt;&#34;, &#34;&lt;td class=\&#34;col-testId\&#34;&gt;tests/test_users.py::TestUsers::test_validate_email_format&lt;/td&gt;&#34;, &#34;&lt;td class=\&#34;col-duration\&#34;&gt;956 ms&lt;/td&gt;&#34;, &#34;&lt;td class=\&#34;col-links\&#34;&gt;&lt;/td&gt;&#34;], &#34;log&#34;: &#34;------------------------------ Captured log call -------------------------------\nINFO     test_logger:api_client.py:57 GET All Users\nINFO     test_logger:test_users.py:42 Invalid email formats found: []\n\n&#34;}], &#34;tests/test_users.py::TestUsers::test_post_user[all_fields_present]&#34;: [{&#34;extras&#34;: [], &#34;result&#34;: &#34;Passed&#34;, &#34;testId&#34;: &#34;tests/test_users.py::TestUsers::test_post_user[all_fields_present]&#34;, &#34;duration&#34;: &#34;422 ms&#34;, &#34;resultsTableRow&#34;: [&#34;&lt;td class=\&#34;col-result\&#34;&gt;Passed&lt;/td&gt;&#34;, &#34;&lt;td class=\&#34;col-testId\&#34;&gt;tests/test_users.py::TestUsers::test_post_user[all_fields_present]&lt;/td&gt;&#34;, &#34;&lt;td class=\&#34;col-duration\&#34;&gt;422 ms&lt;/td&gt;&#34;, &#34;&lt;td class=\&#34;col-links\&#34;&gt;&lt;/td&gt;&#34;], &#34;log&#34;: &#34;------------------------------ Captured log call -------------------------------\nINFO     test_logger:api_client.py:65 POST user with keys: [&amp;#x27;id&amp;#x27;, &amp;#x27;username&amp;#x27;, &amp;#x27;email&amp;#x27;, &amp;#x27;password&amp;#x27;]\nINFO     test_logger:test_users.py:68 Actual: 201; Expect: 201; When missing None\n\n&#34;}], &#34;tests/test_users.py::TestUsers::test_post_user[missing_id]&#34;: [{&#34;extras&#34;: [], &#34;result&#34;: &#34;Failed&#34;, &#34;testId&#34;: &#34;tests/test_users.py::TestUsers::test_post_user[missing_id]&#34;, &#34;duration&#34;: &#34;435 ms&#34;, &#34;resultsTableRow&#34;: [&#34;&lt;td class=\&#34;col-result\&#34;&gt;Failed&lt;/td&gt;&#34;, &#34;&lt;td class=\&#34;col-testId\&#34;&gt;tests/test_users.py::TestUsers::test_post_user[missing_id]&lt;/td&gt;&#34;, &#34;&lt;td class=\&#34;col-duration\&#34;&gt;435 ms&lt;/td&gt;&#34;, &#34;&lt;td class=\&#34;col-links\&#34;&gt;&lt;/td&gt;&#34;], &#34;log&#34;: &#34;self = &amp;lt;tests.test_users.TestUsers object at 0x000001E1E5B2D5B0&amp;gt;, data_generator = &amp;lt;utility.data_generator.DataGenerator object at 0x000001E1E5B1F770&amp;gt;\nmissing_field = &amp;#x27;id&amp;#x27;, expected_status = 400\n\n    @pytest.mark.parametrize(\n        &amp;quot;missing_field, expected_status&amp;quot;,\n        [\n            pytest.param(None, 201, id=&amp;quot;all_fields_present&amp;quot;),\n            pytest.param(&amp;quot;id&amp;quot;, 400, id=&amp;quot;missing_id&amp;quot;),\n            pytest.param(&amp;quot;username&amp;quot;, 400, id=&amp;quot;missing_username&amp;quot;),\n            pytest.param(&amp;quot;email&amp;quot;, 400, id=&amp;quot;missing_email&amp;quot;),\n            pytest.param(&amp;quot;password&amp;quot;, 400, id=&amp;quot;missing_password&amp;quot;),\n        ]\n    )\n    def test_post_user(self, data_generator, missing_field, expected_status):\n        # Generate a valid payload\n        payload = data_generator.generate_user()\n    \n        # Drop the field if testing a missing case\n        if missing_field:\n            payload.pop(missing_field, None)\n    \n        re = self.client.create_user(payload)\n        actual_status = re.status\n    \n        self.logger.info(f&amp;quot;Actual: {actual_status}; Expect: {expected_status}; When missing {missing_field}&amp;quot;)\n&amp;gt;       assert actual_status == expected_status\nE       assert 201 == 400\n\ntests\\test_users.py:69: AssertionError\n\n------------------------------ Captured log call -------------------------------\nINFO     test_logger:api_client.py:65 POST user with keys: [&amp;#x27;username&amp;#x27;, &amp;#x27;email&amp;#x27;, &amp;#x27;password&amp;#x27;]\nINFO     test_logger:test_users.py:68 Actual: 201; Expect: 400; When missing id\n\n&#34;}], &#34;tests/test_users.py::TestUsers::test_post_user[missing_username]&#34;: [{&#34;extras&#34;: [], &#34;result&#34;: &#34;Failed&#34;, &#34;testId&#34;: &#34;tests/test_users.py::TestUsers::test_post_user[missing_username]&#34;, &#34;duration&#34;: &#34;427 ms&#34;, &#34;resultsTableRow&#34;: [&#34;&lt;td class=\&#34;col-result\&#34;&gt;Failed&lt;/td&gt;&#34;, &#34;&lt;td class=\&#34;col-testId\&#34;&gt;tests/test_users.py::TestUsers::test_post_user[missing_username]&lt;/td&gt;&#34;, &#34;&lt;td class=\&#34;col-duration\&#34;&gt;427 ms&lt;/td&gt;&#34;, &#34;&lt;td class=\&#34;col-links\&#34;&gt;&lt;/td&gt;&#34;], &#34;log&#34;: &#34;self = &amp;lt;tests.test_users.TestUsers object at 0x000001E1E5B50490&amp;gt;, data_generator = &amp;lt;utility.data_generator.DataGenerator object at 0x000001E1E5B1F770&amp;gt;\nmissing_field = &amp;#x27;username&amp;#x27;, expected_status = 400\n\n    @pytest.mark.parametrize(\n        &amp;quot;missing_field, expected_status&amp;quot;,\n        [\n            pytest.param(None, 201, id=&amp;quot;all_fields_present&amp;quot;),\n            pytest.param(&amp;quot;id&amp;quot;, 400, id=&amp;quot;missing_id&amp;quot;),\n            pytest.param(&amp;quot;username&amp;quot;, 400, id=&amp;quot;missing_username&amp;quot;),\n            pytest.param(&amp;quot;email&amp;quot;, 400, id=&amp;quot;missing_email&amp;quot;),\n            pytest.param(&amp;quot;password&amp;quot;, 400, id=&amp;quot;missing_password&amp;quot;),\n        ]\n    )\n    def test_post_user(self, data_generator, missing_field, expected_status):\n        # Generate a valid payload\n        payload = data_generator.generate_user()\n    \n        # Drop the field if testing a missing case\n        if missing_field:\n            payload.pop(missing_field, None)\n    \n        re = self.client.create_user(payload)\n        actual_status = re.status\n    \n        self.logger.info(f&amp;quot;Actual: {actual_status}; Expect: {expected_status}; When missing {missing_field}&amp;quot;)\n&amp;gt;       assert actual_status == expected_status\nE       assert 201 == 400\n\ntests\\test_users.py:69: AssertionError\n\n------------------------------ Captured log call -------------------------------\nINFO     test_logger:api_client.py:65 POST user with keys: [&amp;#x27;id&amp;#x27;, &amp;#x27;email&amp;#x27;, &amp;#x27;password&amp;#x27;]\nINFO     test_logger:test_users.py:68 Actual: 201; Expect: 400; When missing username\n\n&#34;}], &#34;tests/test_users.py::TestUsers::test_post_user[missing_email]&#34;: [{&#34;extras&#34;: [], &#34;result&#34;: &#34;Failed&#34;, &#34;testId&#34;: &#34;tests/test_users.py::TestUsers::test_post_user[missing_email]&#34;, &#34;duration&#34;: &#34;00:00:01&#34;, &#34;resultsTableRow&#34;: [&#34;&lt;td class=\&#34;col-result\&#34;&gt;Failed&lt;/td&gt;&#34;, &#34;&lt;td class=\&#34;col-testId\&#34;&gt;tests/test_users.py::TestUsers::test_post_user[missing_email]&lt;/td&gt;&#34;, &#34;&lt;td class=\&#34;col-duration\&#34;&gt;00:00:01&lt;/td&gt;&#34;, &#34;&lt;td class=\&#34;col-links\&#34;&gt;&lt;/td&gt;&#34;], &#34;log&#34;: &#34;self = &amp;lt;tests.test_users.TestUsers object at 0x000001E1E5B50C00&amp;gt;, data_generator = &amp;lt;utility.data_generator.DataGenerator object at 0x000001E1E5B1F770&amp;gt;\nmissing_field = &amp;#x27;email&amp;#x27;, expected_status = 400\n\n    @pytest.mark.parametrize(\n        &amp;quot;missing_field, expected_status&amp;quot;,\n        [\n            pytest.param(None, 201, id=&amp;quot;all_fields_present&amp;quot;),\n            pytest.param(&amp;quot;id&amp;quot;, 400, id=&amp;quot;missing_id&amp;quot;),\n            pytest.param(&amp;quot;username&amp;quot;, 400, id=&amp;quot;missing_username&amp;quot;),\n            pytest.param(&amp;quot;email&amp;quot;, 400, id=&amp;quot;missing_email&amp;quot;),\n            pytest.param(&amp;quot;password&amp;quot;, 400, id=&amp;quot;missing_password&amp;quot;),\n        ]\n    )\n    def test_post_user(self, data_generator, missing_field, expected_status):\n        # Generate a valid payload\n        payload = data_generator.generate_user()\n    \n        # Drop the field if testing a missing case\n        if missing_field:\n            payload.pop(missing_field, None)\n    \n        re = self.client.create_user(payload)\n        actual_status = re.status\n    \n        self.logger.info(f&amp;quot;Actual: {actual_status}; Expect: {expected_status}; When missing {missing_field}&amp;quot;)\n&amp;gt;       assert actual_status == expected_status\nE       assert 201 == 400\n\ntests\\test_users.py:69: AssertionError\n\n------------------------------ Captured log call -------------------------------\nINFO     test_logger:api_client.py:65 POST user with keys: [&amp;#x27;id&amp;#x27;, &amp;#x27;username&amp;#x27;, &amp;#x27;password&amp;#x27;]\nINFO     test_logger:test_users.py:68 Actual: 201; Expect: 400; When missing email\n\n&#34;}], &#34;tests/test_users.py::TestUsers::test_post_user[missing_password]&#34;: [{&#34;extras&#34;: [], &#34;result&#34;: &#34;Failed&#34;, &#34;testId&#34;: &#34;tests/test_users.py::TestUsers::test_post_user[missing_password]&#34;, &#34;duration&#34;: &#34;435 ms&#34;, &#34;resultsTableRow&#34;: [&#34;&lt;td class=\&#34;col-result\&#34;&gt;Failed&lt;/td&gt;&#34;, &#34;&lt;td class=\&#34;col-testId\&#34;&gt;tests/test_users.py::TestUsers::test_post_user[missing_password]&lt;/td&gt;&#34;, &#34;&lt;td class=\&#34;col-duration\&#34;&gt;435 ms&lt;/td&gt;&#34;, &#34;&lt;td class=\&#34;col-links\&#34;&gt;&lt;/td&gt;&#34;], &#34;log&#34;: &#34;self = &amp;lt;tests.test_users.TestUsers object at 0x000001E1E5B74050&amp;gt;, data_generator = &amp;lt;utility.data_generator.DataGenerator object at 0x000001E1E5B1F770&amp;gt;\nmissing_field = &amp;#x27;password&amp;#x27;, expected_status = 400\n\n    @pytest.mark.parametrize(\n        &amp;quot;missing_field, expected_status&amp;quot;,\n        [\n            pytest.param(None, 201, id=&amp;quot;all_fields_present&amp;quot;),\n            pytest.param(&amp;quot;id&amp;quot;, 400, id=&amp;quot;missing_id&amp;quot;),\n            pytest.param(&amp;quot;username&amp;quot;, 400, id=&amp;quot;missing_username&amp;quot;),\n            pytest.param(&amp;quot;email&amp;quot;, 400, id=&amp;quot;missing_email&amp;quot;),\n            pytest.param(&amp;quot;password&amp;quot;, 400, id=&amp;quot;missing_password&amp;quot;),\n        ]\n    )\n    def test_post_user(self, data_generator, missing_field, expected_status):\n        # Generate a valid payload\n        payload = data_generator.generate_user()\n    \n        # Drop the field if testing a missing case\n        if missing_field:\n            payload.pop(missing_field, None)\n    \n        re = self.client.create_user(payload)\n        actual_status = re.status\n    \n        self.logger.info(f&amp;quot;Actual: {actual_status}; Expect: {expected_status}; When missing {missing_field}&amp;quot;)\n&amp;gt;       assert actual_status == expected_status\nE       assert 201 == 400\n\ntests\\test_users.py:69: AssertionError\n\n------------------------------ Captured log call -------------------------------\nINFO     test_logger:api_client.py:65 POST user with keys: [&amp;#x27;id&amp;#x27;, &amp;#x27;username&amp;#x27;, &amp;#x27;email&amp;#x27;]\nINFO     test_logger:test_users.py:68 Actual: 201; Expect: 400; When missing password\n\n&#34;}], &#34;tests/test_users.py::TestUsers::test_update_user[all_fields_present]&#34;: [{&#34;extras&#34;: [], &#34;result&#34;: &#34;Passed&#34;, &#34;testId&#34;: &#34;tests/test_users.py::TestUsers::test_update_user[all_fields_present]&#34;, &#34;duration&#34;: &#34;00:00:01&#34;, &#34;resultsTableRow&#34;: [&#34;&lt;td class=\&#34;col-result\&#34;&gt;Passed&lt;/td&gt;&#34;, &#34;&lt;td class=\&#34;col-testId\&#34;&gt;tests/test_users.py::TestUsers::test_update_user[all_fields_present]&lt;/td&gt;&#34;, &#34;&lt;td class=\&#34;col-duration\&#34;&gt;00:00:01&lt;/td&gt;&#34;, &#34;&lt;td class=\&#34;col-links\&#34;&gt;&lt;/td&gt;&#34;], &#34;log&#34;: &#34;------------------------------ Captured log setup ------------------------------\nINFO     test_logger:api_client.py:57 GET All Users\n\n------------------------------ Captured log call -------------------------------\nINFO     test_logger:api_client.py:69 PUT user 8 with keys: [&amp;#x27;id&amp;#x27;, &amp;#x27;username&amp;#x27;, &amp;#x27;email&amp;#x27;, &amp;#x27;password&amp;#x27;]\nINFO     test_logger:test_users.py:107 Actual: 200; Expect: 200; When missing None\n\n&#34;}], &#34;tests/test_users.py::TestUsers::test_update_user[missing_id]&#34;: [{&#34;extras&#34;: [], &#34;result&#34;: &#34;Failed&#34;, &#34;testId&#34;: &#34;tests/test_users.py::TestUsers::test_update_user[missing_id]&#34;, &#34;duration&#34;: &#34;00:00:01&#34;, &#34;resultsTableRow&#34;: [&#34;&lt;td class=\&#34;col-result\&#34;&gt;Failed&lt;/td&gt;&#34;, &#34;&lt;td class=\&#34;col-testId\&#34;&gt;tests/test_users.py::TestUsers::test_update_user[missing_id]&lt;/td&gt;&#34;, &#34;&lt;td class=\&#34;col-duration\&#34;&gt;00:00:01&lt;/td&gt;&#34;, &#34;&lt;td class=\&#34;col-links\&#34;&gt;&lt;/td&gt;&#34;], &#34;log&#34;: &#34;self = &amp;lt;tests.test_users.TestUsers object at 0x000001E1E5AD27B0&amp;gt;\n_valid_uid_and_payload = (1, {&amp;#x27;email&amp;#x27;: &amp;#x27;MichaelJoneshotmail.com&amp;#x27;, &amp;#x27;password&amp;#x27;: &amp;#x27;Vs#u2EnB&amp;#x27;, &amp;#x27;username&amp;#x27;: &amp;#x27;MichaelJones&amp;#x27;}), missing_field = &amp;#x27;id&amp;#x27;, expected_status = 400\n\n    @pytest.mark.parametrize(\n        &amp;quot;missing_field, expected_status&amp;quot;,\n        [\n            pytest.param(None, 200, id=&amp;quot;all_fields_present&amp;quot;),\n            pytest.param(&amp;quot;id&amp;quot;, 400, id=&amp;quot;missing_id&amp;quot;),\n            pytest.param(&amp;quot;username&amp;quot;, 400, id=&amp;quot;missing_username&amp;quot;),\n            pytest.param(&amp;quot;email&amp;quot;, 400, id=&amp;quot;missing_email&amp;quot;),\n            pytest.param(&amp;quot;password&amp;quot;, 400, id=&amp;quot;missing_password&amp;quot;),\n        ]\n    )\n    def test_update_user(self, _valid_uid_and_payload, missing_field, expected_status):\n        uid, payload = _valid_uid_and_payload\n    \n        # Drop the field if testing a missing case\n        if missing_field:\n            payload.pop(missing_field, None)\n    \n        re = self.client.update_user(uid, payload)\n        actual_status = re.status\n    \n        self.logger.info(f&amp;quot;Actual: {actual_status}; Expect: {expected_status}; When missing {missing_field}&amp;quot;)\n&amp;gt;       assert actual_status == expected_status\nE       assert 200 == 400\n\ntests\\test_users.py:108: AssertionError\n\n------------------------------ Captured log setup ------------------------------\nINFO     test_logger:api_client.py:57 GET All Users\n\n------------------------------ Captured log call -------------------------------\nINFO     test_logger:api_client.py:69 PUT user 1 with keys: [&amp;#x27;username&amp;#x27;, &amp;#x27;email&amp;#x27;, &amp;#x27;password&amp;#x27;]\nINFO     test_logger:test_users.py:107 Actual: 200; Expect: 400; When missing id\n\n&#34;}], &#34;tests/test_users.py::TestUsers::test_update_user[missing_username]&#34;: [{&#34;extras&#34;: [], &#34;result&#34;: &#34;Failed&#34;, &#34;testId&#34;: &#34;tests/test_users.py::TestUsers::test_update_user[missing_username]&#34;, &#34;duration&#34;: &#34;00:00:01&#34;, &#34;resultsTableRow&#34;: [&#34;&lt;td class=\&#34;col-result\&#34;&gt;Failed&lt;/td&gt;&#34;, &#34;&lt;td class=\&#34;col-testId\&#34;&gt;tests/test_users.py::TestUsers::test_update_user[missing_username]&lt;/td&gt;&#34;, &#34;&lt;td class=\&#34;col-duration\&#34;&gt;00:00:01&lt;/td&gt;&#34;, &#34;&lt;td class=\&#34;col-links\&#34;&gt;&lt;/td&gt;&#34;], &#34;log&#34;: &#34;self = &amp;lt;tests.test_users.TestUsers object at 0x000001E1E5AD28A0&amp;gt;, _valid_uid_and_payload = (3, {&amp;#x27;email&amp;#x27;: &amp;#x27;JohnKramergmail.com&amp;#x27;, &amp;#x27;id&amp;#x27;: 1790, &amp;#x27;password&amp;#x27;: &amp;#x27;%%o5At1e&amp;#x27;})\nmissing_field = &amp;#x27;username&amp;#x27;, expected_status = 400\n\n    @pytest.mark.parametrize(\n        &amp;quot;missing_field, expected_status&amp;quot;,\n        [\n            pytest.param(None, 200, id=&amp;quot;all_fields_present&amp;quot;),\n            pytest.param(&amp;quot;id&amp;quot;, 400, id=&amp;quot;missing_id&amp;quot;),\n            pytest.param(&amp;quot;username&amp;quot;, 400, id=&amp;quot;missing_username&amp;quot;),\n            pytest.param(&amp;quot;email&amp;quot;, 400, id=&amp;quot;missing_email&amp;quot;),\n            pytest.param(&amp;quot;password&amp;quot;, 400, id=&amp;quot;missing_password&amp;quot;),\n        ]\n    )\n    def test_update_user(self, _valid_uid_and_payload, missing_field, expected_status):\n        uid, payload = _valid_uid_and_payload\n    \n        # Drop the field if testing a missing case\n        if missing_field:\n            payload.pop(missing_field, None)\n    \n        re = self.client.update_user(uid, payload)\n        actual_status = re.status\n    \n        self.logger.info(f&amp;quot;Actual: {actual_status}; Expect: {expected_status}; When missing {missing_field}&amp;quot;)\n&amp;gt;       assert actual_status == expected_status\nE       assert 200 == 400\n\ntests\\test_users.py:108: AssertionError\n\n------------------------------ Captured log setup ------------------------------\nINFO     test_logger:api_client.py:57 GET All Users\n\n------------------------------ Captured log call -------------------------------\nINFO     test_logger:api_client.py:69 PUT user 3 with keys: [&amp;#x27;id&amp;#x27;, &amp;#x27;email&amp;#x27;, &amp;#x27;password&amp;#x27;]\nINFO     test_logger:test_users.py:107 Actual: 200; Expect: 400; When missing username\n\n&#34;}], &#34;tests/test_users.py::TestUsers::test_update_user[missing_email]&#34;: [{&#34;extras&#34;: [], &#34;result&#34;: &#34;Failed&#34;, &#34;testId&#34;: &#34;tests/test_users.py::TestUsers::test_update_user[missing_email]&#34;, &#34;duration&#34;: &#34;00:00:01&#34;, &#34;resultsTableRow&#34;: [&#34;&lt;td class=\&#34;col-result\&#34;&gt;Failed&lt;/td&gt;&#34;, &#34;&lt;td class=\&#34;col-testId\&#34;&gt;tests/test_users.py::TestUsers::test_update_user[missing_email]&lt;/td&gt;&#34;, &#34;&lt;td class=\&#34;col-duration\&#34;&gt;00:00:01&lt;/td&gt;&#34;, &#34;&lt;td class=\&#34;col-links\&#34;&gt;&lt;/td&gt;&#34;], &#34;log&#34;: &#34;self = &amp;lt;tests.test_users.TestUsers object at 0x000001E1E5B5F3F0&amp;gt;, _valid_uid_and_payload = (4, {&amp;#x27;id&amp;#x27;: 1246, &amp;#x27;password&amp;#x27;: &amp;#x27;%Lx7^Kks&amp;#x27;, &amp;#x27;username&amp;#x27;: &amp;#x27;CurtisBarr&amp;#x27;})\nmissing_field = &amp;#x27;email&amp;#x27;, expected_status = 400\n\n    @pytest.mark.parametrize(\n        &amp;quot;missing_field, expected_status&amp;quot;,\n        [\n            pytest.param(None, 200, id=&amp;quot;all_fields_present&amp;quot;),\n            pytest.param(&amp;quot;id&amp;quot;, 400, id=&amp;quot;missing_id&amp;quot;),\n            pytest.param(&amp;quot;username&amp;quot;, 400, id=&amp;quot;missing_username&amp;quot;),\n            pytest.param(&amp;quot;email&amp;quot;, 400, id=&amp;quot;missing_email&amp;quot;),\n            pytest.param(&amp;quot;password&amp;quot;, 400, id=&amp;quot;missing_password&amp;quot;),\n        ]\n    )\n    def test_update_user(self, _valid_uid_and_payload, missing_field, expected_status):\n        uid, payload = _valid_uid_and_payload\n    \n        # Drop the field if testing a missing case\n        if missing_field:\n            payload.pop(missing_field, None)\n    \n        re = self.client.update_user(uid, payload)\n        actual_status = re.status\n    \n        self.logger.info(f&amp;quot;Actual: {actual_status}; Expect: {expected_status}; When missing {missing_field}&amp;quot;)\n&amp;gt;       assert actual_status == expected_status\nE       assert 200 == 400\n\ntests\\test_users.py:108: AssertionError\n\n------------------------------ Captured log setup ------------------------------\nINFO     test_logger:api_client.py:57 GET All Users\n\n------------------------------ Captured log call -------------------------------\nINFO     test_logger:api_client.py:69 PUT user 4 with keys: [&amp;#x27;id&amp;#x27;, &amp;#x27;username&amp;#x27;, &amp;#x27;password&amp;#x27;]\nINFO     test_logger:test_users.py:107 Actual: 200; Expect: 400; When missing email\n\n&#34;}], &#34;tests/test_users.py::TestUsers::test_update_user[missing_password]&#34;: [{&#34;extras&#34;: [], &#34;result&#34;: &#34;Failed&#34;, &#34;testId&#34;: &#34;tests/test_users.py::TestUsers::test_update_user[missing_password]&#34;, &#34;duration&#34;: &#34;00:00:03&#34;, &#34;resultsTableRow&#34;: [&#34;&lt;td class=\&#34;col-result\&#34;&gt;Failed&lt;/td&gt;&#34;, &#34;&lt;td class=\&#34;col-testId\&#34;&gt;tests/test_users.py::TestUsers::test_update_user[missing_password]&lt;/td&gt;&#34;, &#34;&lt;td class=\&#34;col-duration\&#34;&gt;00:00:03&lt;/td&gt;&#34;, &#34;&lt;td class=\&#34;col-links\&#34;&gt;&lt;/td&gt;&#34;], &#34;log&#34;: &#34;self = &amp;lt;tests.test_users.TestUsers object at 0x000001E1E5B5F5B0&amp;gt;\n_valid_uid_and_payload = (10, {&amp;#x27;email&amp;#x27;: &amp;#x27;TammyEvanshotmail.com&amp;#x27;, &amp;#x27;id&amp;#x27;: 1044, &amp;#x27;username&amp;#x27;: &amp;#x27;TammyEvans&amp;#x27;}), missing_field = &amp;#x27;password&amp;#x27;, expected_status = 400\n\n    @pytest.mark.parametrize(\n        &amp;quot;missing_field, expected_status&amp;quot;,\n        [\n            pytest.param(None, 200, id=&amp;quot;all_fields_present&amp;quot;),\n            pytest.param(&amp;quot;id&amp;quot;, 400, id=&amp;quot;missing_id&amp;quot;),\n            pytest.param(&amp;quot;username&amp;quot;, 400, id=&amp;quot;missing_username&amp;quot;),\n            pytest.param(&amp;quot;email&amp;quot;, 400, id=&amp;quot;missing_email&amp;quot;),\n            pytest.param(&amp;quot;password&amp;quot;, 400, id=&amp;quot;missing_password&amp;quot;),\n        ]\n    )\n    def test_update_user(self, _valid_uid_and_payload, missing_field, expected_status):\n        uid, payload = _valid_uid_and_payload\n    \n        # Drop the field if testing a missing case\n        if missing_field:\n            payload.pop(missing_field, None)\n    \n        re = self.client.update_user(uid, payload)\n        actual_status = re.status\n    \n        self.logger.info(f&amp;quot;Actual: {actual_status}; Expect: {expected_status}; When missing {missing_field}&amp;quot;)\n&amp;gt;       assert actual_status == expected_status\nE       assert 200 == 400\n\ntests\\test_users.py:108: AssertionError\n\n------------------------------ Captured log setup ------------------------------\nINFO     test_logger:api_client.py:57 GET All Users\n\n------------------------------ Captured log call -------------------------------\nINFO     test_logger:api_client.py:69 PUT user 10 with keys: [&amp;#x27;id&amp;#x27;, &amp;#x27;username&amp;#x27;, &amp;#x27;email&amp;#x27;]\nINFO     test_logger:test_users.py:107 Actual: 200; Expect: 400; When missing password\n\n&#34;}], &#34;tests/test_users.py::TestUsers::test_update_user_invalid_uid[invalid_uid]&#34;: [{&#34;extras&#34;: [], &#34;result&#34;: &#34;Passed&#34;, &#34;testId&#34;: &#34;tests/test_users.py::TestUsers::test_update_user_invalid_uid[invalid_uid]&#34;, &#34;duration&#34;: &#34;322 ms&#34;, &#34;resultsTableRow&#34;: [&#34;&lt;td class=\&#34;col-result\&#34;&gt;Passed&lt;/td&gt;&#34;, &#34;&lt;td class=\&#34;col-testId\&#34;&gt;tests/test_users.py::TestUsers::test_update_user_invalid_uid[invalid_uid]&lt;/td&gt;&#34;, &#34;&lt;td class=\&#34;col-duration\&#34;&gt;322 ms&lt;/td&gt;&#34;, &#34;&lt;td class=\&#34;col-links\&#34;&gt;&lt;/td&gt;&#34;], &#34;log&#34;: &#34;------------------------------ Captured log call -------------------------------\nINFO     test_logger:api_client.py:69 PUT user non-existent-id-12345 with keys: [&amp;#x27;id&amp;#x27;, &amp;#x27;username&amp;#x27;, &amp;#x27;email&amp;#x27;, &amp;#x27;password&amp;#x27;]\nINFO     test_logger:test_users.py:123 Actual: 400; Expect: 400 for uid=&amp;#x27;non-existent-id-12345&amp;#x27;\n\n&#34;}], &#34;tests/test_users.py::TestUsers::test_update_user_invalid_uid[empty_uid]&#34;: [{&#34;extras&#34;: [], &#34;result&#34;: &#34;Passed&#34;, &#34;testId&#34;: &#34;tests/test_users.py::TestUsers::test_update_user_invalid_uid[empty_uid]&#34;, &#34;duration&#34;: &#34;373 ms&#34;, &#34;resultsTableRow&#34;: [&#34;&lt;td class=\&#34;col-result\&#34;&gt;Passed&lt;/td&gt;&#34;, &#34;&lt;td class=\&#34;col-testId\&#34;&gt;tests/test_users.py::TestUsers::test_update_user_invalid_uid[empty_uid]&lt;/td&gt;&#34;, &#34;&lt;td class=\&#34;col-duration\&#34;&gt;373 ms&lt;/td&gt;&#34;, &#34;&lt;td class=\&#34;col-links\&#34;&gt;&lt;/td&gt;&#34;], &#34;log&#34;: &#34;------------------------------ Captured log call -------------------------------\nINFO     test_logger:api_client.py:69 PUT user  with keys: [&amp;#x27;id&amp;#x27;, &amp;#x27;username&amp;#x27;, &amp;#x27;email&amp;#x27;, &amp;#x27;password&amp;#x27;]\nINFO     test_logger:test_users.py:123 Actual: 404; Expect: 404 for uid=&amp;#x27;&amp;#x27;\n\n---------------------------- Captured log teardown -----------------------------\nINFO     test_logger:conftest.py:57 Disposing Playwright context and closing API client...\nINFO     test_logger:conftest.py:59 API client disposed.&#34;}]}, &#34;renderCollapsed&#34;: [&#34;passed&#34;], &#34;initialSort&#34;: &#34;result&#34;, &#34;title&#34;: &#34;report.html&#34;}"></div>
    <script>
      (function(){function r(e,n,t){function o(i,f){if(!n[i]){if(!e[i]){var c="function"==typeof require&&require;if(!f&&c)return c(i,!0);if(u)return u(i,!0);var a=new Error("Cannot find module '"+i+"'");throw a.code="MODULE_NOT_FOUND",a}var p=n[i]={exports:{}};e[i][0].call(p.exports,function(r){var n=e[i][1][r];return o(n||r)},p,p.exports,r,e,n,t)}return n[i].exports}for(var u="function"==typeof require&&require,i=0;i<t.length;i++)o(t[i]);return o}return r})()({1:[function(require,module,exports){
const { getCollapsedCategory, setCollapsedIds } = require('./storage.js')

class DataManager {
    setManager(data) {
        const collapsedCategories = [...getCollapsedCategory(data.renderCollapsed)]
        const collapsedIds = []
        const tests = Object.values(data.tests).flat().map((test, index) => {
            const collapsed = collapsedCategories.includes(test.result.toLowerCase())
            const id = `test_${index}`
            if (collapsed) {
                collapsedIds.push(id)
            }
            return {
                ...test,
                id,
                collapsed,
            }
        })
        const dataBlob = { ...data, tests }
        this.data = { ...dataBlob }
        this.renderData = { ...dataBlob }
        setCollapsedIds(collapsedIds)
    }

    get allData() {
        return { ...this.data }
    }

    resetRender() {
        this.renderData = { ...this.data }
    }

    setRender(data) {
        this.renderData.tests = [...data]
    }

    toggleCollapsedItem(id) {
        this.renderData.tests = this.renderData.tests.map((test) =>
            test.id === id ? { ...test, collapsed: !test.collapsed } : test,
        )
    }

    set allCollapsed(collapsed) {
        this.renderData = { ...this.renderData, tests: [...this.renderData.tests.map((test) => (
            { ...test, collapsed }
        ))] }
    }

    get testSubset() {
        return [...this.renderData.tests]
    }

    get environment() {
        return this.renderData.environment
    }

    get initialSort() {
        return this.data.initialSort
    }
}

module.exports = {
    manager: new DataManager(),
}

},{"./storage.js":8}],2:[function(require,module,exports){
const mediaViewer = require('./mediaviewer.js')
const templateEnvRow = document.getElementById('template_environment_row')
const templateResult = document.getElementById('template_results-table__tbody')

function htmlToElements(html) {
    const temp = document.createElement('template')
    temp.innerHTML = html
    return temp.content.childNodes
}

const find = (selector, elem) => {
    if (!elem) {
        elem = document
    }
    return elem.querySelector(selector)
}

const findAll = (selector, elem) => {
    if (!elem) {
        elem = document
    }
    return [...elem.querySelectorAll(selector)]
}

const dom = {
    getStaticRow: (key, value) => {
        const envRow = templateEnvRow.content.cloneNode(true)
        const isObj = typeof value === 'object' && value !== null
        const values = isObj ? Object.keys(value).map((k) => `${k}: ${value[k]}`) : null

        const valuesElement = htmlToElements(
            values ? `<ul>${values.map((val) => `<li>${val}</li>`).join('')}<ul>` : `<div>${value}</div>`)[0]
        const td = findAll('td', envRow)
        td[0].textContent = key
        td[1].appendChild(valuesElement)

        return envRow
    },
    getResultTBody: ({ testId, id, log, extras, resultsTableRow, tableHtml, result, collapsed }) => {
        const resultBody = templateResult.content.cloneNode(true)
        resultBody.querySelector('tbody').classList.add(result.toLowerCase())
        resultBody.querySelector('tbody').id = testId
        resultBody.querySelector('.collapsible').dataset.id = id

        resultsTableRow.forEach((html) => {
            const t = document.createElement('template')
            t.innerHTML = html
            resultBody.querySelector('.collapsible').appendChild(t.content)
        })

        if (log) {
            // Wrap lines starting with "E" with span.error to color those lines red
            const wrappedLog = log.replace(/^E.*$/gm, (match) => `<span class="error">${match}</span>`)
            resultBody.querySelector('.log').innerHTML = wrappedLog
        } else {
            resultBody.querySelector('.log').remove()
        }

        if (collapsed) {
            resultBody.querySelector('.collapsible > td')?.classList.add('collapsed')
            resultBody.querySelector('.extras-row').classList.add('hidden')
        } else {
            resultBody.querySelector('.collapsible > td')?.classList.remove('collapsed')
        }

        const media = []
        extras?.forEach(({ name, format_type, content }) => {
            if (['image', 'video'].includes(format_type)) {
                media.push({ path: content, name, format_type })
            }

            if (format_type === 'html') {
                resultBody.querySelector('.extraHTML').insertAdjacentHTML('beforeend', `<div>${content}</div>`)
            }
        })
        mediaViewer.setup(resultBody, media)

        // Add custom html from the pytest_html_results_table_html hook
        tableHtml?.forEach((item) => {
            resultBody.querySelector('td[class="extra"]').insertAdjacentHTML('beforeend', item)
        })

        return resultBody
    },
}

module.exports = {
    dom,
    htmlToElements,
    find,
    findAll,
}

},{"./mediaviewer.js":6}],3:[function(require,module,exports){
const { manager } = require('./datamanager.js')
const { doSort } = require('./sort.js')
const storageModule = require('./storage.js')

const getFilteredSubSet = (filter) =>
    manager.allData.tests.filter(({ result }) => filter.includes(result.toLowerCase()))

const doInitFilter = () => {
    const currentFilter = storageModule.getVisible()
    const filteredSubset = getFilteredSubSet(currentFilter)
    manager.setRender(filteredSubset)
}

const doFilter = (type, show) => {
    if (show) {
        storageModule.showCategory(type)
    } else {
        storageModule.hideCategory(type)
    }

    const currentFilter = storageModule.getVisible()
    const filteredSubset = getFilteredSubSet(currentFilter)
    manager.setRender(filteredSubset)

    const sortColumn = storageModule.getSort()
    doSort(sortColumn, true)
}

module.exports = {
    doFilter,
    doInitFilter,
}

},{"./datamanager.js":1,"./sort.js":7,"./storage.js":8}],4:[function(require,module,exports){
const { redraw, bindEvents, renderStatic } = require('./main.js')
const { doInitFilter } = require('./filter.js')
const { doInitSort } = require('./sort.js')
const { manager } = require('./datamanager.js')
const data = JSON.parse(document.getElementById('data-container').dataset.jsonblob)

function init() {
    manager.setManager(data)
    doInitFilter()
    doInitSort()
    renderStatic()
    redraw()
    bindEvents()
}

init()

},{"./datamanager.js":1,"./filter.js":3,"./main.js":5,"./sort.js":7}],5:[function(require,module,exports){
const { dom, find, findAll } = require('./dom.js')
const { manager } = require('./datamanager.js')
const { doSort } = require('./sort.js')
const { doFilter } = require('./filter.js')
const {
    getVisible,
    getCollapsedIds,
    setCollapsedIds,
    getSort,
    getSortDirection,
    possibleFilters,
} = require('./storage.js')

const removeChildren = (node) => {
    while (node.firstChild) {
        node.removeChild(node.firstChild)
    }
}

const renderStatic = () => {
    const renderEnvironmentTable = () => {
        const environment = manager.environment
        const rows = Object.keys(environment).map((key) => dom.getStaticRow(key, environment[key]))
        const table = document.getElementById('environment')
        removeChildren(table)
        rows.forEach((row) => table.appendChild(row))
    }
    renderEnvironmentTable()
}

const addItemToggleListener = (elem) => {
    elem.addEventListener('click', ({ target }) => {
        const id = target.parentElement.dataset.id
        manager.toggleCollapsedItem(id)

        const collapsedIds = getCollapsedIds()
        if (collapsedIds.includes(id)) {
            const updated = collapsedIds.filter((item) => item !== id)
            setCollapsedIds(updated)
        } else {
            collapsedIds.push(id)
            setCollapsedIds(collapsedIds)
        }
        redraw()
    })
}

const renderContent = (tests) => {
    const sortAttr = getSort(manager.initialSort)
    const sortAsc = JSON.parse(getSortDirection())
    const rows = tests.map(dom.getResultTBody)
    const table = document.getElementById('results-table')
    const tableHeader = document.getElementById('results-table-head')

    const newTable = document.createElement('table')
    newTable.id = 'results-table'

    // remove all sorting classes and set the relevant
    findAll('.sortable', tableHeader).forEach((elem) => elem.classList.remove('asc', 'desc'))
    tableHeader.querySelector(`.sortable[data-column-type="${sortAttr}"]`)?.classList.add(sortAsc ? 'desc' : 'asc')
    newTable.appendChild(tableHeader)

    if (!rows.length) {
        const emptyTable = document.getElementById('template_results-table__body--empty').content.cloneNode(true)
        newTable.appendChild(emptyTable)
    } else {
        rows.forEach((row) => {
            if (!!row) {
                findAll('.collapsible td:not(.col-links', row).forEach(addItemToggleListener)
                find('.logexpander', row).addEventListener('click',
                    (evt) => evt.target.parentNode.classList.toggle('expanded'),
                )
                newTable.appendChild(row)
            }
        })
    }

    table.replaceWith(newTable)
}

const renderDerived = () => {
    const currentFilter = getVisible()
    possibleFilters.forEach((result) => {
        const input = document.querySelector(`input[data-test-result="${result}"]`)
        input.checked = currentFilter.includes(result)
    })
}

const bindEvents = () => {
    const filterColumn = (evt) => {
        const { target: element } = evt
        const { testResult } = element.dataset

        doFilter(testResult, element.checked)
        const collapsedIds = getCollapsedIds()
        const updated = manager.renderData.tests.map((test) => {
            return {
                ...test,
                collapsed: collapsedIds.includes(test.id),
            }
        })
        manager.setRender(updated)
        redraw()
    }

    const header = document.getElementById('environment-header')
    header.addEventListener('click', () => {
        const table = document.getElementById('environment')
        table.classList.toggle('hidden')
        header.classList.toggle('collapsed')
    })

    findAll('input[name="filter_checkbox"]').forEach((elem) => {
        elem.addEventListener('click', filterColumn)
    })

    findAll('.sortable').forEach((elem) => {
        elem.addEventListener('click', (evt) => {
            const { target: element } = evt
            const { columnType } = element.dataset
            doSort(columnType)
            redraw()
        })
    })

    document.getElementById('show_all_details').addEventListener('click', () => {
        manager.allCollapsed = false
        setCollapsedIds([])
        redraw()
    })
    document.getElementById('hide_all_details').addEventListener('click', () => {
        manager.allCollapsed = true
        const allIds = manager.renderData.tests.map((test) => test.id)
        setCollapsedIds(allIds)
        redraw()
    })
}

const redraw = () => {
    const { testSubset } = manager

    renderContent(testSubset)
    renderDerived()
}

module.exports = {
    redraw,
    bindEvents,
    renderStatic,
}

},{"./datamanager.js":1,"./dom.js":2,"./filter.js":3,"./sort.js":7,"./storage.js":8}],6:[function(require,module,exports){
class MediaViewer {
    constructor(assets) {
        this.assets = assets
        this.index = 0
    }

    nextActive() {
        this.index = this.index === this.assets.length - 1 ? 0 : this.index + 1
        return [this.activeFile, this.index]
    }

    prevActive() {
        this.index = this.index === 0 ? this.assets.length - 1 : this.index -1
        return [this.activeFile, this.index]
    }

    get currentIndex() {
        return this.index
    }

    get activeFile() {
        return this.assets[this.index]
    }
}


const setup = (resultBody, assets) => {
    if (!assets.length) {
        resultBody.querySelector('.media').classList.add('hidden')
        return
    }

    const mediaViewer = new MediaViewer(assets)
    const container = resultBody.querySelector('.media-container')
    const leftArrow = resultBody.querySelector('.media-container__nav--left')
    const rightArrow = resultBody.querySelector('.media-container__nav--right')
    const mediaName = resultBody.querySelector('.media__name')
    const counter = resultBody.querySelector('.media__counter')
    const imageEl = resultBody.querySelector('img')
    const sourceEl = resultBody.querySelector('source')
    const videoEl = resultBody.querySelector('video')

    const setImg = (media, index) => {
        if (media?.format_type === 'image') {
            imageEl.src = media.path

            imageEl.classList.remove('hidden')
            videoEl.classList.add('hidden')
        } else if (media?.format_type === 'video') {
            sourceEl.src = media.path

            videoEl.classList.remove('hidden')
            imageEl.classList.add('hidden')
        }

        mediaName.innerText = media?.name
        counter.innerText = `${index + 1} / ${assets.length}`
    }
    setImg(mediaViewer.activeFile, mediaViewer.currentIndex)

    const moveLeft = () => {
        const [media, index] = mediaViewer.prevActive()
        setImg(media, index)
    }
    const doRight = () => {
        const [media, index] = mediaViewer.nextActive()
        setImg(media, index)
    }
    const openImg = () => {
        window.open(mediaViewer.activeFile.path, '_blank')
    }
    if (assets.length === 1) {
        container.classList.add('media-container--fullscreen')
    } else {
        leftArrow.addEventListener('click', moveLeft)
        rightArrow.addEventListener('click', doRight)
    }
    imageEl.addEventListener('click', openImg)
}

module.exports = {
    setup,
}

},{}],7:[function(require,module,exports){
const { manager } = require('./datamanager.js')
const storageModule = require('./storage.js')

const genericSort = (list, key, ascending, customOrder) => {
    let sorted
    if (customOrder) {
        sorted = list.sort((a, b) => {
            const aValue = a.result.toLowerCase()
            const bValue = b.result.toLowerCase()

            const aIndex = customOrder.findIndex((item) => item.toLowerCase() === aValue)
            const bIndex = customOrder.findIndex((item) => item.toLowerCase() === bValue)

            // Compare the indices to determine the sort order
            return aIndex - bIndex
        })
    } else {
        sorted = list.sort((a, b) => a[key] === b[key] ? 0 : a[key] > b[key] ? 1 : -1)
    }

    if (ascending) {
        sorted.reverse()
    }
    return sorted
}

const durationSort = (list, ascending) => {
    const parseDuration = (duration) => {
        if (duration.includes(':')) {
            // If it's in the format "HH:mm:ss"
            const [hours, minutes, seconds] = duration.split(':').map(Number)
            return (hours * 3600 + minutes * 60 + seconds) * 1000
        } else {
            // If it's in the format "nnn ms"
            return parseInt(duration)
        }
    }
    const sorted = list.sort((a, b) => parseDuration(a['duration']) - parseDuration(b['duration']))
    if (ascending) {
        sorted.reverse()
    }
    return sorted
}

const doInitSort = () => {
    const type = storageModule.getSort(manager.initialSort)
    const ascending = storageModule.getSortDirection()
    const list = manager.testSubset
    const initialOrder = ['Error', 'Failed', 'Rerun', 'XFailed', 'XPassed', 'Skipped', 'Passed']

    storageModule.setSort(type)
    storageModule.setSortDirection(ascending)

    if (type?.toLowerCase() === 'original') {
        manager.setRender(list)
    } else {
        let sortedList
        switch (type) {
        case 'duration':
            sortedList = durationSort(list, ascending)
            break
        case 'result':
            sortedList = genericSort(list, type, ascending, initialOrder)
            break
        default:
            sortedList = genericSort(list, type, ascending)
            break
        }
        manager.setRender(sortedList)
    }
}

const doSort = (type, skipDirection) => {
    const newSortType = storageModule.getSort(manager.initialSort) !== type
    const currentAsc = storageModule.getSortDirection()
    let ascending
    if (skipDirection) {
        ascending = currentAsc
    } else {
        ascending = newSortType ? false : !currentAsc
    }
    storageModule.setSort(type)
    storageModule.setSortDirection(ascending)

    const list = manager.testSubset
    const sortedList = type === 'duration' ? durationSort(list, ascending) : genericSort(list, type, ascending)
    manager.setRender(sortedList)
}

module.exports = {
    doInitSort,
    doSort,
}

},{"./datamanager.js":1,"./storage.js":8}],8:[function(require,module,exports){
const possibleFilters = [
    'passed',
    'skipped',
    'failed',
    'error',
    'xfailed',
    'xpassed',
    'rerun',
]

const getVisible = () => {
    const url = new URL(window.location.href)
    const settings = new URLSearchParams(url.search).get('visible')
    const lower = (item) => {
        const lowerItem = item.toLowerCase()
        if (possibleFilters.includes(lowerItem)) {
            return lowerItem
        }
        return null
    }
    return settings === null ?
        possibleFilters :
        [...new Set(settings?.split(',').map(lower).filter((item) => item))]
}

const hideCategory = (categoryToHide) => {
    const url = new URL(window.location.href)
    const visibleParams = new URLSearchParams(url.search).get('visible')
    const currentVisible = visibleParams ? visibleParams.split(',') : [...possibleFilters]
    const settings = [...new Set(currentVisible)].filter((f) => f !== categoryToHide).join(',')

    url.searchParams.set('visible', settings)
    window.history.pushState({}, null, unescape(url.href))
}

const showCategory = (categoryToShow) => {
    if (typeof window === 'undefined') {
        return
    }
    const url = new URL(window.location.href)
    const currentVisible = new URLSearchParams(url.search).get('visible')?.split(',').filter(Boolean) ||
        [...possibleFilters]
    const settings = [...new Set([categoryToShow, ...currentVisible])]
    const noFilter = possibleFilters.length === settings.length || !settings.length

    noFilter ? url.searchParams.delete('visible') : url.searchParams.set('visible', settings.join(','))
    window.history.pushState({}, null, unescape(url.href))
}

const getSort = (initialSort) => {
    const url = new URL(window.location.href)
    let sort = new URLSearchParams(url.search).get('sort')
    if (!sort) {
        sort = initialSort || 'result'
    }
    return sort
}

const setSort = (type) => {
    const url = new URL(window.location.href)
    url.searchParams.set('sort', type)
    window.history.pushState({}, null, unescape(url.href))
}

const getCollapsedCategory = (renderCollapsed) => {
    let categories
    if (typeof window !== 'undefined') {
        const url = new URL(window.location.href)
        const collapsedItems = new URLSearchParams(url.search).get('collapsed')
        switch (true) {
        case !renderCollapsed && collapsedItems === null:
            categories = ['passed']
            break
        case collapsedItems?.length === 0 || /^["']{2}$/.test(collapsedItems):
            categories = []
            break
        case /^all$/.test(collapsedItems) || collapsedItems === null && /^all$/.test(renderCollapsed):
            categories = [...possibleFilters]
            break
        default:
            categories = collapsedItems?.split(',').map((item) => item.toLowerCase()) || renderCollapsed
            break
        }
    } else {
        categories = []
    }
    return categories
}

const getSortDirection = () => JSON.parse(sessionStorage.getItem('sortAsc')) || false
const setSortDirection = (ascending) => sessionStorage.setItem('sortAsc', ascending)

const getCollapsedIds = () => JSON.parse(sessionStorage.getItem('collapsedIds')) || []
const setCollapsedIds = (list) => sessionStorage.setItem('collapsedIds', JSON.stringify(list))

module.exports = {
    getVisible,
    hideCategory,
    showCategory,
    getCollapsedIds,
    setCollapsedIds,
    getSort,
    setSort,
    getSortDirection,
    setSortDirection,
    getCollapsedCategory,
    possibleFilters,
}

},{}]},{},[4]);
    </script>
  </footer>
</html>